This is pdfTeX, Version 3.1415926-2.4-1.40.13 (MiKTeX 2.9) (preloaded format=pdflatex 2013.1.25)  11 DEC 2013 11:55
entering extended mode
**Presentation_Template.tex

(C:\Users\alex\Desktop\presentazione\Presentation_Template_TeX\Presentation_Tem
plate_TeX\Presentation_Template.tex
LaTeX2e <2011/06/27>
Babel <v3.8m> and hyphenation patterns for english, afrikaans, ancientgreek, ar
abic, armenian, assamese, basque, bengali, bokmal, bulgarian, catalan, coptic, 
croatian, czech, danish, dutch, esperanto, estonian, farsi, finnish, french, ga
lician, german, german-x-2012-05-30, greek, gujarati, hindi, hungarian, iceland
ic, indonesian, interlingua, irish, italian, kannada, kurmanji, latin, latvian,
 lithuanian, malayalam, marathi, mongolian, mongolianlmc, monogreek, ngerman, n
german-x-2012-05-30, nynorsk, oriya, panjabi, pinyin, polish, portuguese, roman
ian, russian, sanskrit, serbian, slovak, slovenian, spanish, swedish, swissgerm
an, tamil, telugu, turkish, turkmen, ukenglish, ukrainian, uppersorbian, usengl
ishmax, welsh, loaded.
("C:\Program Files (x86)\MiKTeX 2.9\tex\latex\beamer\base\beamer.cls"
("C:\Program Files (x86)\MiKTeX 2.9\tex\latex\beamer\base\beamerbasercs.sty"
Package: beamerbasercs 2013/01/04 (rcs-revision 9a97a4eee358)
)
Document Class: beamer 2013/01/04 3.26 A class for typesetting presentations (r
cs-revision e81e0c94bcc6)
("C:\Program Files (x86)\MiKTeX 2.9\tex\latex\beamer\base\beamerbasemodes.sty"
Package: beamerbasemodes 2012/04/15 (rcs-revision cc6557182d97)
\beamer@tempbox=\box26
\beamer@tempcount=\count79
\c@beamerpauses=\count80

("C:\Program Files (x86)\MiKTeX 2.9\tex\latex\beamer\base\beamerbasedecode.sty"
Package: beamerbasedecode 2010/05/01 (rcs-revision efa082c6111d)
\beamer@slideinframe=\count81
\beamer@minimum=\count82
)
\beamer@commentbox=\box27
\beamer@modecount=\count83
) ("C:\Program Files (x86)\MiKTeX 2.9\tex\generic\oberdiek\ifpdf.sty"
Package: ifpdf 2011/01/30 v2.3 Provides the ifpdf switch (HO)
Package ifpdf Info: pdfTeX in PDF mode is detected.
)
\headheight=\dimen102
\headdp=\dimen103
\footheight=\dimen104
\sidebarheight=\dimen105
\beamer@tempdim=\dimen106
\beamer@finalheight=\dimen107
\beamer@animht=\dimen108
\beamer@animdp=\dimen109
\beamer@animwd=\dimen110
\beamer@leftmargin=\dimen111
\beamer@rightmargin=\dimen112
\beamer@leftsidebar=\dimen113
\beamer@rightsidebar=\dimen114
\beamer@boxsize=\dimen115
\beamer@vboxoffset=\dimen116
\beamer@descdefault=\dimen117
\beamer@descriptionwidth=\dimen118
\beamer@lastskip=\skip41
\beamer@areabox=\box28
\beamer@animcurrent=\box29
\beamer@animshowbox=\box30
\beamer@sectionbox=\box31
\beamer@logobox=\box32
\beamer@linebox=\box33
\beamer@sectioncount=\count84
\beamer@subsubsectionmax=\count85
\beamer@subsectionmax=\count86
\beamer@sectionmax=\count87
\beamer@totalheads=\count88
\beamer@headcounter=\count89
\beamer@partstartpage=\count90
\beamer@sectionstartpage=\count91
\beamer@subsectionstartpage=\count92
\beamer@animationtempa=\count93
\beamer@animationtempb=\count94
\beamer@xpos=\count95
\beamer@ypos=\count96
\beamer@showpartnumber=\count97
\beamer@currentsubsection=\count98
\beamer@coveringdepth=\count99
\beamer@sectionadjust=\count100
\beamer@tocsectionnumber=\count101

("C:\Program Files (x86)\MiKTeX 2.9\tex\latex\beamer\base\beamerbaseoptions.sty
"
Package: beamerbaseoptions 2010/04/27 (rcs-revision 982469101dd6)
 ("C:\Program Files (x86)\MiKTeX 2.9\tex\latex\graphics\keyval.sty"
Package: keyval 1999/03/16 v1.13 key=value parser (DPC)
\KV@toks@=\toks14
))
\beamer@paperwidth=\skip42
\beamer@paperheight=\skip43

("C:\Program Files (x86)\MiKTeX 2.9\tex\latex\geometry\geometry.sty"
Package: geometry 2010/09/12 v5.6 Page Geometry

("C:\Program Files (x86)\MiKTeX 2.9\tex\generic\oberdiek\ifvtex.sty"
Package: ifvtex 2010/03/01 v1.5 Detect VTeX and its facilities (HO)
Package ifvtex Info: VTeX not detected.
)
("C:\Program Files (x86)\MiKTeX 2.9\tex\generic\ifxetex\ifxetex.sty"
Package: ifxetex 2010/09/12 v0.6 Provides ifxetex conditional
)
\Gm@cnth=\count102
\Gm@cntv=\count103
\c@Gm@tempcnt=\count104
\Gm@bindingoffset=\dimen119
\Gm@wd@mp=\dimen120
\Gm@odd@mp=\dimen121
\Gm@even@mp=\dimen122
\Gm@layoutwidth=\dimen123
\Gm@layoutheight=\dimen124
\Gm@layouthoffset=\dimen125
\Gm@layoutvoffset=\dimen126
\Gm@dimlist=\toks15

("C:\Program Files (x86)\MiKTeX 2.9\tex\latex\geometry\geometry.cfg"))
("C:\Program Files (x86)\MiKTeX 2.9\tex\latex\base\size11.clo"
File: size11.clo 2007/10/19 v1.4h Standard LaTeX file (size option)
)
("C:\Program Files (x86)\MiKTeX 2.9\tex\latex\pgf\basiclayer\pgfcore.sty"
("C:\Program Files (x86)\MiKTeX 2.9\tex\latex\graphics\graphicx.sty"
Package: graphicx 1999/02/16 v1.0f Enhanced LaTeX Graphics (DPC,SPQR)

("C:\Program Files (x86)\MiKTeX 2.9\tex\latex\graphics\graphics.sty"
Package: graphics 2009/02/05 v1.0o Standard LaTeX Graphics (DPC,SPQR)

("C:\Program Files (x86)\MiKTeX 2.9\tex\latex\graphics\trig.sty"
Package: trig 1999/03/16 v1.09 sin cos tan (DPC)
)
("C:\Program Files (x86)\MiKTeX 2.9\tex\latex\00miktex\graphics.cfg"
File: graphics.cfg 2007/01/18 v1.5 graphics configuration of teTeX/TeXLive
)
Package graphics Info: Driver file: pdftex.def on input line 91.

("C:\Program Files (x86)\MiKTeX 2.9\tex\latex\pdftex-def\pdftex.def"
File: pdftex.def 2011/05/27 v0.06d Graphics/color for pdfTeX

("C:\Program Files (x86)\MiKTeX 2.9\tex\generic\oberdiek\infwarerr.sty"
Package: infwarerr 2010/04/08 v1.3 Providing info/warning/error messages (HO)
)
("C:\Program Files (x86)\MiKTeX 2.9\tex\generic\oberdiek\ltxcmds.sty"
Package: ltxcmds 2011/11/09 v1.22 LaTeX kernel commands for general use (HO)
)
\Gread@gobject=\count105
))
\Gin@req@height=\dimen127
\Gin@req@width=\dimen128
)
("C:\Program Files (x86)\MiKTeX 2.9\tex\latex\pgf\systemlayer\pgfsys.sty"
("C:\Program Files (x86)\MiKTeX 2.9\tex\latex\pgf\utilities\pgfrcs.sty"
("C:\Program Files (x86)\MiKTeX 2.9\tex\generic\pgf\utilities\pgfutil-common.te
x"
\pgfutil@everybye=\toks16
)
("C:\Program Files (x86)\MiKTeX 2.9\tex\generic\pgf\utilities\pgfutil-latex.def
"
\pgfutil@abb=\box34
 ("C:\Program Files (x86)\MiKTeX 2.9\tex\latex\ms\everyshi.sty"
Package: everyshi 2001/05/15 v3.00 EveryShipout Package (MS)
))
("C:\Program Files (x86)\MiKTeX 2.9\tex\generic\pgf\utilities\pgfrcs.code.tex"
Package: pgfrcs 2010/10/25 v2.10 (rcs-revision 1.24)
))
("C:\Program Files (x86)\MiKTeX 2.9\tex\generic\pgf\systemlayer\pgfsys.code.tex
"
Package: pgfsys 2010/06/30 v2.10 (rcs-revision 1.37)
 ("C:\Program Files (x86)\MiKTeX 2.9\tex\generic\pgf\utilities\pgfkeys.code.tex
"
\pgfkeys@pathtoks=\toks17
\pgfkeys@temptoks=\toks18

("C:\Program Files (x86)\MiKTeX 2.9\tex\generic\pgf\utilities\pgfkeysfiltered.c
ode.tex"
\pgfkeys@tmptoks=\toks19
))
\pgf@x=\dimen129
\pgf@y=\dimen130
\pgf@xa=\dimen131
\pgf@ya=\dimen132
\pgf@xb=\dimen133
\pgf@yb=\dimen134
\pgf@xc=\dimen135
\pgf@yc=\dimen136
\w@pgf@writea=\write3
\r@pgf@reada=\read1
\c@pgf@counta=\count106
\c@pgf@countb=\count107
\c@pgf@countc=\count108
\c@pgf@countd=\count109

("C:\Program Files (x86)\MiKTeX 2.9\tex\generic\pgf\systemlayer\pgf.cfg"
File: pgf.cfg 2008/05/14  (rcs-revision 1.7)
)
Package pgfsys Info: Driver file for pgf: pgfsys-pdftex.def on input line 900.

("C:\Program Files (x86)\MiKTeX 2.9\tex\generic\pgf\systemlayer\pgfsys-pdftex.d
ef"
File: pgfsys-pdftex.def 2009/05/22  (rcs-revision 1.26)

("C:\Program Files (x86)\MiKTeX 2.9\tex\generic\pgf\systemlayer\pgfsys-common-p
df.def"
File: pgfsys-common-pdf.def 2008/05/19  (rcs-revision 1.10)
)))
("C:\Program Files (x86)\MiKTeX 2.9\tex\generic\pgf\systemlayer\pgfsyssoftpath.
code.tex"
File: pgfsyssoftpath.code.tex 2008/07/18  (rcs-revision 1.7)
\pgfsyssoftpath@smallbuffer@items=\count110
\pgfsyssoftpath@bigbuffer@items=\count111
)
("C:\Program Files (x86)\MiKTeX 2.9\tex\generic\pgf\systemlayer\pgfsysprotocol.
code.tex"
File: pgfsysprotocol.code.tex 2006/10/16  (rcs-revision 1.4)
)) ("C:\Program Files (x86)\MiKTeX 2.9\tex\latex\xcolor\xcolor.sty"
Package: xcolor 2007/01/21 v2.11 LaTeX color extensions (UK)

("C:\Program Files (x86)\MiKTeX 2.9\tex\latex\00miktex\color.cfg"
File: color.cfg 2007/01/18 v1.5 color configuration of teTeX/TeXLive
)
Package xcolor Info: Driver file: pdftex.def on input line 225.
Package xcolor Info: Model `cmy' substituted by `cmy0' on input line 1337.
Package xcolor Info: Model `hsb' substituted by `rgb' on input line 1341.
Package xcolor Info: Model `RGB' extended on input line 1353.
Package xcolor Info: Model `HTML' substituted by `rgb' on input line 1355.
Package xcolor Info: Model `Hsb' substituted by `hsb' on input line 1356.
Package xcolor Info: Model `tHsb' substituted by `hsb' on input line 1357.
Package xcolor Info: Model `HSB' substituted by `hsb' on input line 1358.
Package xcolor Info: Model `Gray' substituted by `gray' on input line 1359.
Package xcolor Info: Model `wave' substituted by `hsb' on input line 1360.

("C:\Program Files (x86)\MiKTeX 2.9\tex\latex\graphics\dvipsnam.def"
File: dvipsnam.def 1999/02/16 v3.0i Driver-dependant file (DPC,SPQR)
))
("C:\Program Files (x86)\MiKTeX 2.9\tex\generic\pgf\basiclayer\pgfcore.code.tex
"
Package: pgfcore 2010/04/11 v2.10 (rcs-revision 1.7)
 ("C:\Program Files (x86)\MiKTeX 2.9\tex\generic\pgf\math\pgfmath.code.tex"
("C:\Program Files (x86)\MiKTeX 2.9\tex\generic\pgf\math\pgfmathcalc.code.tex"
("C:\Program Files (x86)\MiKTeX 2.9\tex\generic\pgf\math\pgfmathutil.code.tex")
("C:\Program Files (x86)\MiKTeX 2.9\tex\generic\pgf\math\pgfmathparser.code.tex
"
\pgfmath@dimen=\dimen137
\pgfmath@count=\count112
\pgfmath@box=\box35
\pgfmath@toks=\toks20
\pgfmath@stack@operand=\toks21
\pgfmath@stack@operation=\toks22
)
("C:\Program Files (x86)\MiKTeX 2.9\tex\generic\pgf\math\pgfmathfunctions.code.
tex"
("C:\Program Files (x86)\MiKTeX 2.9\tex\generic\pgf\math\pgfmathfunctions.basic
.code.tex")
("C:\Program Files (x86)\MiKTeX 2.9\tex\generic\pgf\math\pgfmathfunctions.trigo
nometric.code.tex")
("C:\Program Files (x86)\MiKTeX 2.9\tex\generic\pgf\math\pgfmathfunctions.rando
m.code.tex")
("C:\Program Files (x86)\MiKTeX 2.9\tex\generic\pgf\math\pgfmathfunctions.compa
rison.code.tex")
("C:\Program Files (x86)\MiKTeX 2.9\tex\generic\pgf\math\pgfmathfunctions.base.
code.tex")
("C:\Program Files (x86)\MiKTeX 2.9\tex\generic\pgf\math\pgfmathfunctions.round
.code.tex")
("C:\Program Files (x86)\MiKTeX 2.9\tex\generic\pgf\math\pgfmathfunctions.misc.
code.tex")))
("C:\Program Files (x86)\MiKTeX 2.9\tex\generic\pgf\math\pgfmathfloat.code.tex"
\c@pgfmathroundto@lastzeros=\count113
))
("C:\Program Files (x86)\MiKTeX 2.9\tex\generic\pgf\basiclayer\pgfcorepoints.co
de.tex"
File: pgfcorepoints.code.tex 2010/04/09  (rcs-revision 1.20)
\pgf@picminx=\dimen138
\pgf@picmaxx=\dimen139
\pgf@picminy=\dimen140
\pgf@picmaxy=\dimen141
\pgf@pathminx=\dimen142
\pgf@pathmaxx=\dimen143
\pgf@pathminy=\dimen144
\pgf@pathmaxy=\dimen145
\pgf@xx=\dimen146
\pgf@xy=\dimen147
\pgf@yx=\dimen148
\pgf@yy=\dimen149
\pgf@zx=\dimen150
\pgf@zy=\dimen151
)
("C:\Program Files (x86)\MiKTeX 2.9\tex\generic\pgf\basiclayer\pgfcorepathconst
ruct.code.tex"
File: pgfcorepathconstruct.code.tex 2010/08/03  (rcs-revision 1.24)
\pgf@path@lastx=\dimen152
\pgf@path@lasty=\dimen153
)
("C:\Program Files (x86)\MiKTeX 2.9\tex\generic\pgf\basiclayer\pgfcorepathusage
.code.tex"
File: pgfcorepathusage.code.tex 2008/04/22  (rcs-revision 1.12)
\pgf@shorten@end@additional=\dimen154
\pgf@shorten@start@additional=\dimen155
)
("C:\Program Files (x86)\MiKTeX 2.9\tex\generic\pgf\basiclayer\pgfcorescopes.co
de.tex"
File: pgfcorescopes.code.tex 2010/09/08  (rcs-revision 1.34)
\pgfpic=\box36
\pgf@hbox=\box37
\pgf@layerbox@main=\box38
\pgf@picture@serial@count=\count114
)
("C:\Program Files (x86)\MiKTeX 2.9\tex\generic\pgf\basiclayer\pgfcoregraphicst
ate.code.tex"
File: pgfcoregraphicstate.code.tex 2008/04/22  (rcs-revision 1.9)
\pgflinewidth=\dimen156
)
("C:\Program Files (x86)\MiKTeX 2.9\tex\generic\pgf\basiclayer\pgfcoretransform
ations.code.tex"
File: pgfcoretransformations.code.tex 2009/06/10  (rcs-revision 1.11)
\pgf@pt@x=\dimen157
\pgf@pt@y=\dimen158
\pgf@pt@temp=\dimen159
)
("C:\Program Files (x86)\MiKTeX 2.9\tex\generic\pgf\basiclayer\pgfcorequick.cod
e.tex"
File: pgfcorequick.code.tex 2008/10/09  (rcs-revision 1.3)
)
("C:\Program Files (x86)\MiKTeX 2.9\tex\generic\pgf\basiclayer\pgfcoreobjects.c
ode.tex"
File: pgfcoreobjects.code.tex 2006/10/11  (rcs-revision 1.2)
)
("C:\Program Files (x86)\MiKTeX 2.9\tex\generic\pgf\basiclayer\pgfcorepathproce
ssing.code.tex"
File: pgfcorepathprocessing.code.tex 2008/10/09  (rcs-revision 1.8)
)
("C:\Program Files (x86)\MiKTeX 2.9\tex\generic\pgf\basiclayer\pgfcorearrows.co
de.tex"
File: pgfcorearrows.code.tex 2008/04/23  (rcs-revision 1.11)
)
("C:\Program Files (x86)\MiKTeX 2.9\tex\generic\pgf\basiclayer\pgfcoreshade.cod
e.tex"
File: pgfcoreshade.code.tex 2008/11/23  (rcs-revision 1.13)
\pgf@max=\dimen160
\pgf@sys@shading@range@num=\count115
)
("C:\Program Files (x86)\MiKTeX 2.9\tex\generic\pgf\basiclayer\pgfcoreimage.cod
e.tex"
File: pgfcoreimage.code.tex 2010/03/25  (rcs-revision 1.16)

("C:\Program Files (x86)\MiKTeX 2.9\tex\generic\pgf\basiclayer\pgfcoreexternal.
code.tex"
File: pgfcoreexternal.code.tex 2010/09/01  (rcs-revision 1.17)
\pgfexternal@startupbox=\box39
))
("C:\Program Files (x86)\MiKTeX 2.9\tex\generic\pgf\basiclayer\pgfcorelayers.co
de.tex"
File: pgfcorelayers.code.tex 2010/08/27  (rcs-revision 1.2)
)
("C:\Program Files (x86)\MiKTeX 2.9\tex\generic\pgf\basiclayer\pgfcoretranspare
ncy.code.tex"
File: pgfcoretransparency.code.tex 2008/01/17  (rcs-revision 1.2)
)
("C:\Program Files (x86)\MiKTeX 2.9\tex\generic\pgf\basiclayer\pgfcorepatterns.
code.tex"
File: pgfcorepatterns.code.tex 2009/07/02  (rcs-revision 1.3)
)))
("C:\Program Files (x86)\MiKTeX 2.9\tex\latex\pgf\utilities\xxcolor.sty"
Package: xxcolor 2003/10/24 ver 0.1
\XC@nummixins=\count116
\XC@countmixins=\count117
)
("C:\Program Files (x86)\MiKTeX 2.9\tex\latex\hyperref\hyperref.sty"
Package: hyperref 2012/11/06 v6.83m Hypertext links for LaTeX

("C:\Program Files (x86)\MiKTeX 2.9\tex\generic\oberdiek\hobsub-hyperref.sty"
Package: hobsub-hyperref 2012/04/25 v1.12 Bundle oberdiek, subset hyperref (HO)


("C:\Program Files (x86)\MiKTeX 2.9\tex\generic\oberdiek\hobsub-generic.sty"
Package: hobsub-generic 2012/04/25 v1.12 Bundle oberdiek, subset generic (HO)
Package: hobsub 2012/04/25 v1.12 Construct package bundles (HO)
Package hobsub Info: Skipping package `infwarerr' (already loaded).
Package hobsub Info: Skipping package `ltxcmds' (already loaded).
Package: ifluatex 2010/03/01 v1.3 Provides the ifluatex switch (HO)
Package ifluatex Info: LuaTeX not detected.
Package hobsub Info: Skipping package `ifvtex' (already loaded).
Package: intcalc 2007/09/27 v1.1 Expandable calculations with integers (HO)
Package hobsub Info: Skipping package `ifpdf' (already loaded).
Package: etexcmds 2011/02/16 v1.5 Avoid name clashes with e-TeX commands (HO)
Package etexcmds Info: Could not find \expanded.
(etexcmds)             That can mean that you are not using pdfTeX 1.50 or
(etexcmds)             that some package has redefined \expanded.
(etexcmds)             In the latter case, load this package earlier.
Package: kvsetkeys 2012/04/25 v1.16 Key value parser (HO)
Package: kvdefinekeys 2011/04/07 v1.3 Define keys (HO)
Package: pdftexcmds 2011/11/29 v0.20 Utility functions of pdfTeX for LuaTeX (HO
)
Package pdftexcmds Info: LuaTeX not detected.
Package pdftexcmds Info: \pdf@primitive is available.
Package pdftexcmds Info: \pdf@ifprimitive is available.
Package pdftexcmds Info: \pdfdraftmode found.
Package: pdfescape 2011/11/25 v1.13 Implements pdfTeX's escape features (HO)
Package: bigintcalc 2012/04/08 v1.3 Expandable calculations on big integers (HO
)
Package: bitset 2011/01/30 v1.1 Handle bit-vector datatype (HO)
Package: uniquecounter 2011/01/30 v1.2 Provide unlimited unique counter (HO)
)
Package hobsub Info: Skipping package `hobsub' (already loaded).
Package: letltxmacro 2010/09/02 v1.4 Let assignment for LaTeX macros (HO)
Package: hopatch 2011/06/24 v1.1 Wrapper for package hooks (HO)
Package: xcolor-patch 2011/01/30 xcolor patch
Package: atveryend 2011/06/30 v1.8 Hooks at the very end of document (HO)
Package atveryend Info: \enddocument detected (standard20110627).
Package: atbegshi 2011/10/05 v1.16 At begin shipout hook (HO)
Package: refcount 2011/10/16 v3.4 Data extraction from label references (HO)
Package: hycolor 2011/01/30 v1.7 Color options for hyperref/bookmark (HO)
)
("C:\Program Files (x86)\MiKTeX 2.9\tex\latex\oberdiek\auxhook.sty"
Package: auxhook 2011/03/04 v1.3 Hooks for auxiliary files (HO)
)
("C:\Program Files (x86)\MiKTeX 2.9\tex\latex\oberdiek\kvoptions.sty"
Package: kvoptions 2011/06/30 v3.11 Key value format for package options (HO)
)
\@linkdim=\dimen161
\Hy@linkcounter=\count118
\Hy@pagecounter=\count119

("C:\Program Files (x86)\MiKTeX 2.9\tex\latex\hyperref\pd1enc.def"
File: pd1enc.def 2012/11/06 v6.83m Hyperref: PDFDocEncoding definition (HO)
)
\Hy@SavedSpaceFactor=\count120

("C:\Program Files (x86)\MiKTeX 2.9\tex\latex\00miktex\hyperref.cfg"
File: hyperref.cfg 2002/06/06 v1.2 hyperref configuration of TeXLive
)
Package hyperref Info: Option `bookmarks' set `true' on input line 4319.
Package hyperref Info: Option `bookmarksopen' set `true' on input line 4319.
Package hyperref Info: Option `implicit' set `false' on input line 4319.
Package hyperref Info: Hyper figures OFF on input line 4443.
Package hyperref Info: Link nesting OFF on input line 4448.
Package hyperref Info: Hyper index ON on input line 4451.
Package hyperref Info: Plain pages OFF on input line 4458.
Package hyperref Info: Backreferencing OFF on input line 4463.
Package hyperref Info: Implicit mode OFF; no redefinition of LaTeX internals.
Package hyperref Info: Bookmarks ON on input line 4688.
\c@Hy@tempcnt=\count121

("C:\Program Files (x86)\MiKTeX 2.9\tex\latex\ltxmisc\url.sty"
\Urlmuskip=\muskip10
Package: url 2006/04/12  ver 3.3  Verb mode for urls, etc.
)
LaTeX Info: Redefining \url on input line 5041.
\XeTeXLinkMargin=\dimen162
\Fld@menulength=\count122
\Field@Width=\dimen163
\Fld@charsize=\dimen164
Package hyperref Info: Hyper figures OFF on input line 6295.
Package hyperref Info: Link nesting OFF on input line 6300.
Package hyperref Info: Hyper index ON on input line 6303.
Package hyperref Info: backreferencing OFF on input line 6310.
Package hyperref Info: Link coloring OFF on input line 6315.
Package hyperref Info: Link coloring with OCG OFF on input line 6320.
Package hyperref Info: PDF/A mode OFF on input line 6325.
LaTeX Info: Redefining \ref on input line 6365.
LaTeX Info: Redefining \pageref on input line 6369.
\Hy@abspage=\count123


Package hyperref Message: Stopped early.

)

Package hyperref Message: Driver (autodetected): hpdftex.

("C:\Program Files (x86)\MiKTeX 2.9\tex\latex\hyperref\hpdftex.def"
File: hpdftex.def 2012/11/06 v6.83m Hyperref driver for pdfTeX
\Fld@listcount=\count124
\c@bookmark@seq@number=\count125

("C:\Program Files (x86)\MiKTeX 2.9\tex\latex\oberdiek\rerunfilecheck.sty"
Package: rerunfilecheck 2011/04/15 v1.7 Rerun checks for auxiliary files (HO)
Package uniquecounter Info: New unique counter `rerunfilecheck' on input line 2
82.
))
("C:\Program Files (x86)\MiKTeX 2.9\tex\latex\beamer\base\beamerbaserequires.st
y"
Package: beamerbaserequires 2010/05/01  (rcs-revision efa082c6111d)

("C:\Program Files (x86)\MiKTeX 2.9\tex\latex\beamer\base\beamerbasecompatibili
ty.sty"
Package: beamerbasecompatibility 2012/05/01  (rcs-revision 67c48b3b652d)
)
("C:\Program Files (x86)\MiKTeX 2.9\tex\latex\beamer\base\beamerbasefont.sty"
Package: beamerbasefont 2012/09/19  (rcs-revision 733629cd0c6c)

("C:\Program Files (x86)\MiKTeX 2.9\tex\latex\amsfonts\amssymb.sty"
Package: amssymb 2009/06/22 v3.00

("C:\Program Files (x86)\MiKTeX 2.9\tex\latex\amsfonts\amsfonts.sty"
Package: amsfonts 2009/06/22 v3.00 Basic AMSFonts support
\@emptytoks=\toks23
\symAMSa=\mathgroup4
\symAMSb=\mathgroup5
LaTeX Font Info:    Overwriting math alphabet `\mathfrak' in version `bold'
(Font)                  U/euf/m/n --> U/euf/b/n on input line 96.
)))
("C:\Program Files (x86)\MiKTeX 2.9\tex\latex\beamer\base\beamerbasetranslator.
sty"
Package: beamerbasetranslator 2010/06/11  (rcs-revision 85fd1cc7fc42)

("C:\Program Files (x86)\MiKTeX 2.9\tex\latex\beamer\base\translator\translator
.sty"
Package: translator 2010/06/12 ver 1.10

("C:\Program Files (x86)\MiKTeX 2.9\tex\latex\beamer\base\translator\translator
-language-mappings.tex")))
("C:\Program Files (x86)\MiKTeX 2.9\tex\latex\beamer\base\beamerbasemisc.sty"
Package: beamerbasemisc 2012/02/24  (rcs-revision 2ff5461be705)
)
("C:\Program Files (x86)\MiKTeX 2.9\tex\latex\beamer\base\beamerbasetwoscreens.
sty"
Package: beamerbasetwoscreens 2010/05/01  (rcs-revision efa082c6111d)
)
("C:\Program Files (x86)\MiKTeX 2.9\tex\latex\beamer\base\beamerbaseoverlay.sty
"
Package: beamerbaseoverlay 2012/11/11  (rcs-revision 6afbc49b1109)
\beamer@argscount=\count126
\beamer@lastskipcover=\skip44
\beamer@trivlistdepth=\count127
) ("C:\Program Files (x86)\MiKTeX 2.9\tex\latex\beamer\base\beamerbasetitle.sty
"
Package: beamerbasetitle 2010/09/21  (rcs-revision f0446ed0b6ae)
)
("C:\Program Files (x86)\MiKTeX 2.9\tex\latex\beamer\base\beamerbasesection.sty
"
Package: beamerbasesection 2013/01/04  (rcs-revision 54309ceef997)
\c@lecture=\count128
\c@part=\count129
\c@section=\count130
\c@subsection=\count131
\c@subsubsection=\count132
) ("C:\Program Files (x86)\MiKTeX 2.9\tex\latex\beamer\base\beamerbaseframe.sty
"
Package: beamerbaseframe 2012/12/26  (rcs-revision 1443917db2cf)
\beamer@framebox=\box40
\beamer@frametitlebox=\box41
\beamer@zoombox=\box42
\beamer@zoomcount=\count133
\beamer@zoomframecount=\count134
\beamer@frametextheight=\dimen165
\c@subsectionslide=\count135
\beamer@frametopskip=\skip45
\beamer@framebottomskip=\skip46
\beamer@frametopskipautobreak=\skip47
\beamer@framebottomskipautobreak=\skip48
\beamer@envbody=\toks24
\framewidth=\dimen166
\c@framenumber=\count136
)
("C:\Program Files (x86)\MiKTeX 2.9\tex\latex\beamer\base\beamerbaseverbatim.st
y"
Package: beamerbaseverbatim 2012/08/30  (rcs-revision dfdb135076b3)
\beamer@verbatimfileout=\write4
)
("C:\Program Files (x86)\MiKTeX 2.9\tex\latex\beamer\base\beamerbaseframesize.s
ty"
Package: beamerbaseframesize 2011/09/12  (rcs-revision 70f9d8411e54)
\beamer@splitbox=\box43
\beamer@autobreakcount=\count137
\beamer@autobreaklastheight=\dimen167
\beamer@frametitletoks=\toks25
\beamer@framesubtitletoks=\toks26
)
("C:\Program Files (x86)\MiKTeX 2.9\tex\latex\beamer\base\beamerbaseframecompon
ents.sty"
Package: beamerbaseframecomponents 2012/09/13  (rcs-revision dcd846607320)
\beamer@footins=\box44
)
("C:\Program Files (x86)\MiKTeX 2.9\tex\latex\beamer\base\beamerbasecolor.sty"
Package: beamerbasecolor 2010/06/06  (rcs-revision d1a9b48be06d)
) ("C:\Program Files (x86)\MiKTeX 2.9\tex\latex\beamer\base\beamerbasenotes.sty
"
Package: beamerbasenotes 2012/12/19  (rcs-revision 1686da3db3c9)
\beamer@frameboxcopy=\box45
) ("C:\Program Files (x86)\MiKTeX 2.9\tex\latex\beamer\base\beamerbasetoc.sty"
Package: beamerbasetoc 2012/10/02  (rcs-revision 5ed0f4010e8a)
)
("C:\Program Files (x86)\MiKTeX 2.9\tex\latex\beamer\base\beamerbasetemplates.s
ty"
Package: beamerbasetemplates 2010/05/01  (rcs-revision efa082c6111d)
\beamer@sbttoks=\toks27

("C:\Program Files (x86)\MiKTeX 2.9\tex\latex\beamer\base\beamerbaseauxtemplate
s.sty"
Package: beamerbaseauxtemplates 2012/05/01  (rcs-revision 67c48b3b652d)

("C:\Program Files (x86)\MiKTeX 2.9\tex\latex\beamer\base\beamerbaseboxes.sty"
Package: beamerbaseboxes 2012/05/13  (rcs-revision 56972908a390)
\bmb@box=\box46
\bmb@colorbox=\box47
\bmb@boxshadow=\box48
\bmb@boxshadowball=\box49
\bmb@boxshadowballlarge=\box50
\bmb@temp=\dimen168
\bmb@dima=\dimen169
\bmb@dimb=\dimen170
\bmb@prevheight=\dimen171
)
\beamer@blockheadheight=\dimen172
))
("C:\Program Files (x86)\MiKTeX 2.9\tex\latex\beamer\base\beamerbaselocalstruct
ure.sty"
Package: beamerbaselocalstructure 2012/11/13  (rcs-revision ddfba79dac19)
 ("C:\Program Files (x86)\MiKTeX 2.9\tex\latex\tools\enumerate.sty"
Package: enumerate 1999/03/05 v3.00 enumerate extensions (DPC)
\@enLab=\toks28
)
\c@figure=\count138
\c@table=\count139
\abovecaptionskip=\skip49
\belowcaptionskip=\skip50
)
("C:\Program Files (x86)\MiKTeX 2.9\tex\latex\beamer\base\beamerbasenavigation.
sty"
Package: beamerbasenavigation 2012/04/03  (rcs-revision 42a0f21a412d)
\beamer@section@min@dim=\dimen173
)
("C:\Program Files (x86)\MiKTeX 2.9\tex\latex\beamer\base\beamerbasetheorems.st
y"
Package: beamerbasetheorems 2010/06/06  (rcs-revision 7e7cc5e53e9d)
 ("C:\Program Files (x86)\MiKTeX 2.9\tex\latex\ams\math\amsmath.sty"
Package: amsmath 2000/07/18 v2.13 AMS math features
\@mathmargin=\skip51

For additional information on amsmath, use the `?' option.
("C:\Program Files (x86)\MiKTeX 2.9\tex\latex\ams\math\amstext.sty"
Package: amstext 2000/06/29 v2.01

("C:\Program Files (x86)\MiKTeX 2.9\tex\latex\ams\math\amsgen.sty"
File: amsgen.sty 1999/11/30 v2.0
\@emptytoks=\toks29
\ex@=\dimen174
))
("C:\Program Files (x86)\MiKTeX 2.9\tex\latex\ams\math\amsbsy.sty"
Package: amsbsy 1999/11/29 v1.2d
\pmbraise@=\dimen175
)
("C:\Program Files (x86)\MiKTeX 2.9\tex\latex\ams\math\amsopn.sty"
Package: amsopn 1999/12/14 v2.01 operator names
)
\inf@bad=\count140
LaTeX Info: Redefining \frac on input line 211.
\uproot@=\count141
\leftroot@=\count142
LaTeX Info: Redefining \overline on input line 307.
\classnum@=\count143
\DOTSCASE@=\count144
LaTeX Info: Redefining \ldots on input line 379.
LaTeX Info: Redefining \dots on input line 382.
LaTeX Info: Redefining \cdots on input line 467.
\Mathstrutbox@=\box51
\strutbox@=\box52
\big@size=\dimen176
LaTeX Font Info:    Redeclaring font encoding OML on input line 567.
LaTeX Font Info:    Redeclaring font encoding OMS on input line 568.
\macc@depth=\count145
\c@MaxMatrixCols=\count146
\dotsspace@=\muskip11
\c@parentequation=\count147
\dspbrk@lvl=\count148
\tag@help=\toks30
\row@=\count149
\column@=\count150
\maxfields@=\count151
\andhelp@=\toks31
\eqnshift@=\dimen177
\alignsep@=\dimen178
\tagshift@=\dimen179
\tagwidth@=\dimen180
\totwidth@=\dimen181
\lineht@=\dimen182
\@envbody=\toks32
\multlinegap=\skip52
\multlinetaggap=\skip53
\mathdisplay@stack=\toks33
LaTeX Info: Redefining \[ on input line 2666.
LaTeX Info: Redefining \] on input line 2667.
)
("C:\Program Files (x86)\MiKTeX 2.9\tex\latex\ams\classes\amsthm.sty"
Package: amsthm 2004/08/06 v2.20
\thm@style=\toks34
\thm@bodyfont=\toks35
\thm@headfont=\toks36
\thm@notefont=\toks37
\thm@headpunct=\toks38
\thm@preskip=\skip54
\thm@postskip=\skip55
\thm@headsep=\skip56
\dth@everypar=\toks39
)
\c@theorem=\count152
)
("C:\Program Files (x86)\MiKTeX 2.9\tex\latex\beamer\base\beamerbasethemes.sty"
Package: beamerbasethemes 2010/05/01  (rcs-revision efa082c6111d)
))
("C:\Program Files (x86)\MiKTeX 2.9\tex\latex\beamer\base\themes\theme\beamerth
emedefault.sty"
Package: beamerthemedefault 2010/06/17  (rcs-revision d02a7cf4d8ae)

("C:\Program Files (x86)\MiKTeX 2.9\tex\latex\beamer\base\themes\font\beamerfon
tthemedefault.sty"
Package: beamerfontthemedefault 2012/12/19  (rcs-revision 1686da3db3c9)
)
("C:\Program Files (x86)\MiKTeX 2.9\tex\latex\beamer\base\themes\color\beamerco
lorthemedefault.sty"
Package: beamercolorthemedefault 2012/12/19  (rcs-revision 1686da3db3c9)
)
("C:\Program Files (x86)\MiKTeX 2.9\tex\latex\beamer\base\themes\inner\beamerin
nerthemedefault.sty"
Package: beamerinnerthemedefault 2012/05/01  (rcs-revision 67c48b3b652d)
\beamer@dima=\dimen183
\beamer@dimb=\dimen184
)
("C:\Program Files (x86)\MiKTeX 2.9\tex\latex\beamer\base\themes\outer\beamerou
terthemedefault.sty"
Package: beamerouterthemedefault 2012/12/19  (rcs-revision 1686da3db3c9)
)))
("C:\Program Files (x86)\MiKTeX 2.9\tex\latex\beamer\base\themes\theme\beamerth
emeWarsaw.sty"
Package: beamerthemeWarsaw 2010/06/17  (rcs-revision d02a7cf4d8ae)

("C:\Program Files (x86)\MiKTeX 2.9\tex\latex\beamer\base\themes\inner\beamerin
nerthemerounded.sty"
Package: beamerinnerthemerounded 2010/06/17  (rcs-revision d02a7cf4d8ae)
)
("C:\Program Files (x86)\MiKTeX 2.9\tex\latex\beamer\base\themes\outer\beamerou
terthemeshadow.sty"
Package: beamerouterthemeshadow 2010/06/17  (rcs-revision d02a7cf4d8ae)

("C:\Program Files (x86)\MiKTeX 2.9\tex\latex\beamer\base\themes\outer\beamerou
terthemesplit.sty"
Package: beamerouterthemesplit 2012/10/16  (rcs-revision 51a8c72084af)
))
("C:\Program Files (x86)\MiKTeX 2.9\tex\latex\beamer\base\themes\color\beamerco
lorthemeorchid.sty"
Package: beamercolorthemeorchid 2010/06/17  (rcs-revision d02a7cf4d8ae)
)
("C:\Program Files (x86)\MiKTeX 2.9\tex\latex\beamer\base\themes\color\beamerco
lorthemewhale.sty"
Package: beamercolorthemewhale 2010/06/17  (rcs-revision d02a7cf4d8ae)
))
("C:\Program Files (x86)\MiKTeX 2.9\tex\latex\beamer\base\themes\color\beamerco
lorthemestructure.sty"
Package: beamercolorthemestructure 2010/06/17  (rcs-revision d02a7cf4d8ae)
)
("C:\Program Files (x86)\MiKTeX 2.9\tex\latex\pgf\utilities\pgfpages.sty"
Package: pgfpages 2004/11/05 ver 0.01

("C:\Program Files (x86)\MiKTeX 2.9\tex\latex\tools\calc.sty"
Package: calc 2007/08/22 v4.3 Infix arithmetic (KKT,FJ)
\calc@Acount=\count153
\calc@Bcount=\count154
\calc@Adimen=\dimen185
\calc@Bdimen=\dimen186
\calc@Askip=\skip57
\calc@Bskip=\skip58
LaTeX Info: Redefining \setlength on input line 76.
LaTeX Info: Redefining \addtolength on input line 77.
\calc@Ccount=\count155
\calc@Cskip=\skip59
)
\pgf@logicalpages=\count156
\pgf@firstshipout=\count157
\pgf@lastshipout=\count158
\pgf@currentshipout=\count159
\pgf@cpn=\count160
\pgf@shipoutnextto=\count161
\pgfphysicalheight=\dimen187
\pgfphysicalwidth=\dimen188
\pgfpages@shipoutbox=\box53
)
("C:\Program Files (x86)\MiKTeX 2.9\tex\generic\babel\babel.sty"
Package: babel 2008/07/08 v3.8m The Babel package

*************************************
* Local config file bblopts.cfg used
*
("C:\Program Files (x86)\MiKTeX 2.9\tex\latex\00miktex\bblopts.cfg"
File: bblopts.cfg 2006/07/31 v1.0 MiKTeX 'babel' configuration
)
("C:\Program Files (x86)\MiKTeX 2.9\tex\generic\babel\italian.ldf"
Language: italian 2008/03/14 v1.2t Italian support from the babel system

("C:\Program Files (x86)\MiKTeX 2.9\tex\generic\babel\babel.def"
File: babel.def 2008/07/08 v3.8m Babel common definitions
LaTeX Info: Redefining \textlatin on input line 82.
\babel@savecnt=\count162
\U@D=\dimen189
)
Package babel Info: Making " an active character on input line 94.
))
("C:\Program Files (x86)\MiKTeX 2.9\tex\latex\base\inputenc.sty"
Package: inputenc 2008/03/30 v1.1d Input encoding file
\inpenc@prehook=\toks40
\inpenc@posthook=\toks41

("C:\Program Files (x86)\MiKTeX 2.9\tex\latex\base\latin1.def"
File: latin1.def 2008/03/30 v1.1d Input encoding file
))
("C:\Program Files (x86)\MiKTeX 2.9\tex\latex\psnfss\times.sty"
Package: times 2005/04/12 PSNFSS-v9.2a (SPQR) 
)
("C:\Program Files (x86)\MiKTeX 2.9\tex\latex\tools\verbatim.sty"
Package: verbatim 2003/08/22 v1.5q LaTeX2e package for verbatim enhancements
\every@verbatim=\toks42
\verbatim@line=\toks43
\verbatim@in@stream=\read2
)
("C:\Program Files (x86)\MiKTeX 2.9\tex\latex\base\fontenc.sty"
Package: fontenc 2005/09/27 v1.99g Standard LaTeX package

("C:\Program Files (x86)\MiKTeX 2.9\tex\latex\base\t1enc.def"
File: t1enc.def 2005/09/27 v1.99g Standard LaTeX file
LaTeX Font Info:    Redeclaring font encoding T1 on input line 43.
))
("C:\Program Files (x86)\MiKTeX 2.9\tex\latex\numprint\numprint.sty"
Package: numprint 2012/08/20 v1.39 Print numbers (HH)

("C:\Program Files (x86)\MiKTeX 2.9\tex\latex\tools\array.sty"
Package: array 2008/09/09 v2.4c Tabular extension package (FMi)
\col@sep=\dimen190
\extrarowheight=\dimen191
\NC@list=\toks44
\extratabsurround=\skip60
\backup@length=\skip61
)
\c@nprt@mantissa@digitsbefore=\count163
\c@nprt@mantissa@digitsafter=\count164
\c@nprt@exponent@digitsbefore=\count165
\c@nprt@exponent@digitsafter=\count166
\nprt@digitwidth=\skip62
\nprt@sepwidth=\skip63
\nprt@decimalwidth=\skip64
\nprt@blockwidth=\skip65
\nprt@digittoks=\toks45
\nprt@pretoks=\toks46
\nprt@posttoks=\toks47
\nprt@thisdigit=\count167
\nprt@curpos=\count168
\nprt@rndpos=\count169
\c@nprt@digitsfirstblock=\count170
\c@nprt@blockcnt=\count171
\c@nprt@cntprint=\count172

No configuration file `numprint.cfg' found.)
(C:\Users\alex\Desktop\presentazione\Presentation_Template_TeX\Presentation_Tem
plate_TeX\mathcomp.sty
Package: mathcomp 2001/01/07 v0.1f (TBo)

("C:\Program Files (x86)\MiKTeX 2.9\tex\latex\base\textcomp.sty"
Package: textcomp 2005/09/27 v1.99g Standard LaTeX package
Package textcomp Info: Sub-encoding information:
(textcomp)               5 = only ISO-Adobe without \textcurrency
(textcomp)               4 = 5 + \texteuro
(textcomp)               3 = 4 + \textohm
(textcomp)               2 = 3 + \textestimated + \textcurrency
(textcomp)               1 = TS1 - \textcircled - \t
(textcomp)               0 = TS1 (full)
(textcomp)             Font families with sub-encoding setting implement
(textcomp)             only a restricted character set as indicated.
(textcomp)             Family '?' is the default used for unknown fonts.
(textcomp)             See the documentation for details.
Package textcomp Info: Setting ? sub-encoding to TS1/1 on input line 71.

("C:\Program Files (x86)\MiKTeX 2.9\tex\latex\base\ts1enc.def"
File: ts1enc.def 2001/06/05 v3.0e (jk/car/fm) Standard LaTeX file
)
LaTeX Info: Redefining \oldstylenums on input line 266.
Package textcomp Info: Setting cmr sub-encoding to TS1/0 on input line 281.
Package textcomp Info: Setting cmss sub-encoding to TS1/0 on input line 282.
Package textcomp Info: Setting cmtt sub-encoding to TS1/0 on input line 283.
Package textcomp Info: Setting cmvtt sub-encoding to TS1/0 on input line 284.
Package textcomp Info: Setting cmbr sub-encoding to TS1/0 on input line 285.
Package textcomp Info: Setting cmtl sub-encoding to TS1/0 on input line 286.
Package textcomp Info: Setting ccr sub-encoding to TS1/0 on input line 287.
Package textcomp Info: Setting ptm sub-encoding to TS1/4 on input line 288.
Package textcomp Info: Setting pcr sub-encoding to TS1/4 on input line 289.
Package textcomp Info: Setting phv sub-encoding to TS1/4 on input line 290.
Package textcomp Info: Setting ppl sub-encoding to TS1/3 on input line 291.
Package textcomp Info: Setting pag sub-encoding to TS1/4 on input line 292.
Package textcomp Info: Setting pbk sub-encoding to TS1/4 on input line 293.
Package textcomp Info: Setting pnc sub-encoding to TS1/4 on input line 294.
Package textcomp Info: Setting pzc sub-encoding to TS1/4 on input line 295.
Package textcomp Info: Setting bch sub-encoding to TS1/4 on input line 296.
Package textcomp Info: Setting put sub-encoding to TS1/5 on input line 297.
Package textcomp Info: Setting uag sub-encoding to TS1/5 on input line 298.
Package textcomp Info: Setting ugq sub-encoding to TS1/5 on input line 299.
Package textcomp Info: Setting ul8 sub-encoding to TS1/4 on input line 300.
Package textcomp Info: Setting ul9 sub-encoding to TS1/4 on input line 301.
Package textcomp Info: Setting augie sub-encoding to TS1/5 on input line 302.
Package textcomp Info: Setting dayrom sub-encoding to TS1/3 on input line 303.
Package textcomp Info: Setting dayroms sub-encoding to TS1/3 on input line 304.

Package textcomp Info: Setting pxr sub-encoding to TS1/0 on input line 305.
Package textcomp Info: Setting pxss sub-encoding to TS1/0 on input line 306.
Package textcomp Info: Setting pxtt sub-encoding to TS1/0 on input line 307.
Package textcomp Info: Setting txr sub-encoding to TS1/0 on input line 308.
Package textcomp Info: Setting txss sub-encoding to TS1/0 on input line 309.
Package textcomp Info: Setting txtt sub-encoding to TS1/0 on input line 310.
Package textcomp Info: Setting lmr sub-encoding to TS1/0 on input line 311.
Package textcomp Info: Setting lmdh sub-encoding to TS1/0 on input line 312.
Package textcomp Info: Setting lmss sub-encoding to TS1/0 on input line 313.
Package textcomp Info: Setting lmssq sub-encoding to TS1/0 on input line 314.
Package textcomp Info: Setting lmvtt sub-encoding to TS1/0 on input line 315.
Package textcomp Info: Setting qhv sub-encoding to TS1/0 on input line 316.
Package textcomp Info: Setting qag sub-encoding to TS1/0 on input line 317.
Package textcomp Info: Setting qbk sub-encoding to TS1/0 on input line 318.
Package textcomp Info: Setting qcr sub-encoding to TS1/0 on input line 319.
Package textcomp Info: Setting qcs sub-encoding to TS1/0 on input line 320.
Package textcomp Info: Setting qpl sub-encoding to TS1/0 on input line 321.
Package textcomp Info: Setting qtm sub-encoding to TS1/0 on input line 322.
Package textcomp Info: Setting qzc sub-encoding to TS1/0 on input line 323.
Package textcomp Info: Setting qhvc sub-encoding to TS1/0 on input line 324.
Package textcomp Info: Setting futs sub-encoding to TS1/4 on input line 325.
Package textcomp Info: Setting futx sub-encoding to TS1/4 on input line 326.
Package textcomp Info: Setting futj sub-encoding to TS1/4 on input line 327.
Package textcomp Info: Setting hlh sub-encoding to TS1/3 on input line 328.
Package textcomp Info: Setting hls sub-encoding to TS1/3 on input line 329.
Package textcomp Info: Setting hlst sub-encoding to TS1/3 on input line 330.
Package textcomp Info: Setting hlct sub-encoding to TS1/5 on input line 331.
Package textcomp Info: Setting hlx sub-encoding to TS1/5 on input line 332.
Package textcomp Info: Setting hlce sub-encoding to TS1/5 on input line 333.
Package textcomp Info: Setting hlcn sub-encoding to TS1/5 on input line 334.
Package textcomp Info: Setting hlcw sub-encoding to TS1/5 on input line 335.
Package textcomp Info: Setting hlcf sub-encoding to TS1/5 on input line 336.
Package textcomp Info: Setting pplx sub-encoding to TS1/3 on input line 337.
Package textcomp Info: Setting pplj sub-encoding to TS1/3 on input line 338.
Package textcomp Info: Setting ptmx sub-encoding to TS1/4 on input line 339.
Package textcomp Info: Setting ptmj sub-encoding to TS1/4 on input line 340.
)
\symTC=\mathgroup6
LaTeX Font Info:    Overwriting symbol font `TC' in version `bold'
(Font)                  TS1/cmr/m/n --> TS1/cmr/bx/n on input line 25.
LaTeX Font Info:    Redeclaring math symbol \dagger on input line 47.
LaTeX Font Info:    Redeclaring math symbol \ddagger on input line 48.
)
("C:\Program Files (x86)\MiKTeX 2.9\tex\latex\was\gensymb.sty"
Package: gensymb 2003/07/02 v1.0 (WaS)
)
("C:\Program Files (x86)\MiKTeX 2.9\tex\latex\mh\mathtools.sty"
Package: mathtools 2013/02/12 v1.13 mathematical typesetting tools

("C:\Program Files (x86)\MiKTeX 2.9\tex\latex\mh\mhsetup.sty"
Package: mhsetup 2010/01/21 v1.2a programming setup (MH)
)
LaTeX Info: Thecontrolsequence`\['isalreadyrobust on input line 129.
LaTeX Info: Thecontrolsequence`\]'isalreadyrobust on input line 129.
\g_MT_multlinerow_int=\count173
\l_MT_multwidth_dim=\dimen192
\origjot=\skip66
\l_MT_shortvdotswithinadjustabove_dim=\dimen193
\l_MT_shortvdotswithinadjustbelow_dim=\dimen194
\l_MT_above_intertext_sep=\dimen195
\l_MT_below_intertext_sep=\dimen196
\l_MT_above_shortintertext_sep=\dimen197
\l_MT_below_shortintertext_sep=\dimen198
)
("C:\Program Files (x86)\MiKTeX 2.9\tex\latex\textpos\textpos.sty"
Package: textpos 2012/11/13 v1.7i

Package: textpos 2012/11/13 1.7i, absolute positioning of text on the page
\TP@textbox=\box54
\TP@holdbox=\box55
\TPHorizModule=\dimen199
\TPVertModule=\dimen200
\TP@margin=\dimen201
\TP@absmargin=\dimen202
Grid set 16 x 16 = 22.7622pt x 17.07166pt
\TPboxrulesize=\dimen203
\TP@ox=\dimen204
\TP@oy=\dimen205
\TP@tbargs=\toks48
\TP@prevdepth=\dimen206
TextBlockOrigin set to 0pt x 0pt
)
(C:\Users\alex\Desktop\presentazione\Presentation_Template_TeX\Presentation_Tem
plate_TeX\Presentation_Template.aux)
LaTeX Font Info:    Checking defaults for OML/cmm/m/it on input line 137.
LaTeX Font Info:    ... okay on input line 137.
LaTeX Font Info:    Checking defaults for T1/cmr/m/n on input line 137.
LaTeX Font Info:    ... okay on input line 137.
LaTeX Font Info:    Checking defaults for OT1/cmr/m/n on input line 137.
LaTeX Font Info:    ... okay on input line 137.
LaTeX Font Info:    Checking defaults for OMS/cmsy/m/n on input line 137.
LaTeX Font Info:    ... okay on input line 137.
LaTeX Font Info:    Checking defaults for OMX/cmex/m/n on input line 137.
LaTeX Font Info:    ... okay on input line 137.
LaTeX Font Info:    Checking defaults for U/cmr/m/n on input line 137.
LaTeX Font Info:    ... okay on input line 137.
LaTeX Font Info:    Checking defaults for PD1/pdf/m/n on input line 137.
LaTeX Font Info:    ... okay on input line 137.
LaTeX Font Info:    Checking defaults for LGR/cmr/m/n on input line 137.
LaTeX Font Info:    Try loading font information for LGR+cmr on input line 137.


("C:\Program Files (x86)\MiKTeX 2.9\tex\generic\babel\lgrcmr.fd"
File: lgrcmr.fd 2008/06/17 v2.3 Greek Computer Modern
)
LaTeX Font Info:    ... okay on input line 137.
LaTeX Font Info:    Checking defaults for TS1/cmr/m/n on input line 137.
LaTeX Font Info:    Try loading font information for TS1+cmr on input line 137.


("C:\Program Files (x86)\MiKTeX 2.9\tex\latex\base\ts1cmr.fd"
File: ts1cmr.fd 1999/05/25 v2.5h Standard LaTeX font definitions
)
LaTeX Font Info:    ... okay on input line 137.
LaTeX Font Info:    Try loading font information for T1+phv on input line 137.

("C:\Program Files (x86)\MiKTeX 2.9\tex\latex\psnfss\t1phv.fd"
File: t1phv.fd 2001/06/04 scalable font definitions for T1/phv.
)
*geometry* driver: auto-detecting
*geometry* detected driver: pdftex
*geometry* verbose mode - [ preamble ] result:
* driver: pdftex
* paper: custom
* layout: <same size as paper>
* layoutoffset:(h,v)=(0.0pt,0.0pt)
* modes: includehead includefoot 
* h-part:(L,W,R)=(28.45274pt, 307.28987pt, 28.45274pt)
* v-part:(T,H,B)=(0.0pt, 273.14662pt, 0.0pt)
* \paperwidth=364.19536pt
* \paperheight=273.14662pt
* \textwidth=307.28987pt
* \textheight=244.6939pt
* \oddsidemargin=-43.81725pt
* \evensidemargin=-43.81725pt
* \topmargin=-72.26999pt
* \headheight=14.22636pt
* \headsep=0.0pt
* \topskip=11.0pt
* \footskip=14.22636pt
* \marginparwidth=4.0pt
* \marginparsep=10.0pt
* \columnsep=10.0pt
* \skip\footins=10.0pt plus 4.0pt minus 2.0pt
* \hoffset=0.0pt
* \voffset=0.0pt
* \mag=1000
* \@twocolumnfalse
* \@twosidefalse
* \@mparswitchfalse
* \@reversemarginfalse
* (1in=72.27pt=25.4mm, 1cm=28.453pt)

("C:\Program Files (x86)\MiKTeX 2.9\tex\context\base\supp-pdf.mkii"
[Loading MPS to PDF converter (version 2006.09.02).]
\scratchcounter=\count174
\scratchdimen=\dimen207
\scratchbox=\box56
\nofMPsegments=\count175
\nofMParguments=\count176
\everyMPshowfont=\toks49
\MPscratchCnt=\count177
\MPscratchDim=\dimen208
\MPnumerator=\count178
\makeMPintoPDFobject=\count179
\everyMPtoPDFconversion=\toks50
) ABD: EveryShipout initializing macros
\AtBeginShipoutBox=\box57
Package hyperref Info: Link coloring OFF on input line 137.

("C:\Program Files (x86)\MiKTeX 2.9\tex\latex\hyperref\nameref.sty"
Package: nameref 2012/10/27 v2.43 Cross-referencing by name of section

("C:\Program Files (x86)\MiKTeX 2.9\tex\generic\oberdiek\gettitlestring.sty"
Package: gettitlestring 2010/12/03 v1.4 Cleanup title references (HO)
)
\c@section@level=\count180
)
LaTeX Info: Redefining \ref on input line 137.
LaTeX Info: Redefining \pageref on input line 137.
LaTeX Info: Redefining \nameref on input line 137.

(C:\Users\alex\Desktop\presentazione\Presentation_Template_TeX\Presentation_Tem
plate_TeX\Presentation_Template.out)
(C:\Users\alex\Desktop\presentazione\Presentation_Template_TeX\Presentation_Tem
plate_TeX\Presentation_Template.out)
\@outlinefile=\write5
LaTeX Font Info:    Overwriting symbol font `operators' in version `normal'
(Font)                  OT1/cmr/m/n --> OT1/cmss/m/n on input line 137.
LaTeX Font Info:    Overwriting symbol font `operators' in version `bold'
(Font)                  OT1/cmr/bx/n --> OT1/cmss/bx/n on input line 137.
\symnumbers=\mathgroup7
\sympureletters=\mathgroup8
LaTeX Font Info:    Overwriting math alphabet `\mathrm' in version `normal'
(Font)                  OT1/cmss/m/n --> T1/ptm/m/n on input line 137.
LaTeX Font Info:    Redeclaring math alphabet \mathbf on input line 137.
LaTeX Font Info:    Overwriting math alphabet `\mathbf' in version `normal'
(Font)                  OT1/cmr/bx/n --> T1/phv/bx/n on input line 137.
LaTeX Font Info:    Overwriting math alphabet `\mathbf' in version `bold'
(Font)                  OT1/cmr/bx/n --> T1/phv/bx/n on input line 137.
LaTeX Font Info:    Redeclaring math alphabet \mathsf on input line 137.
LaTeX Font Info:    Overwriting math alphabet `\mathsf' in version `normal'
(Font)                  OT1/cmss/m/n --> T1/phv/m/n on input line 137.
LaTeX Font Info:    Overwriting math alphabet `\mathsf' in version `bold'
(Font)                  OT1/cmss/bx/n --> T1/phv/m/n on input line 137.
LaTeX Font Info:    Redeclaring math alphabet \mathit on input line 137.
LaTeX Font Info:    Overwriting math alphabet `\mathit' in version `normal'
(Font)                  OT1/cmr/m/it --> T1/phv/m/it on input line 137.
LaTeX Font Info:    Overwriting math alphabet `\mathit' in version `bold'
(Font)                  OT1/cmr/bx/it --> T1/phv/m/it on input line 137.
LaTeX Font Info:    Redeclaring math alphabet \mathtt on input line 137.
LaTeX Font Info:    Overwriting math alphabet `\mathtt' in version `normal'
(Font)                  OT1/cmtt/m/n --> T1/pcr/m/n on input line 137.
LaTeX Font Info:    Overwriting math alphabet `\mathtt' in version `bold'
(Font)                  OT1/cmtt/m/n --> T1/pcr/m/n on input line 137.
LaTeX Font Info:    Overwriting symbol font `numbers' in version `bold'
(Font)                  T1/phv/m/n --> T1/phv/bx/n on input line 137.
LaTeX Font Info:    Overwriting symbol font `pureletters' in version `bold'
(Font)                  T1/phv/m/it --> T1/phv/bx/it on input line 137.
LaTeX Font Info:    Overwriting math alphabet `\mathrm' in version `bold'
(Font)                  OT1/cmss/bx/n --> T1/ptm/bx/n on input line 137.
LaTeX Font Info:    Overwriting math alphabet `\mathbf' in version `bold'
(Font)                  T1/phv/bx/n --> T1/phv/bx/n on input line 137.
LaTeX Font Info:    Overwriting math alphabet `\mathsf' in version `bold'
(Font)                  T1/phv/m/n --> T1/phv/bx/n on input line 137.
LaTeX Font Info:    Overwriting math alphabet `\mathit' in version `bold'
(Font)                  T1/phv/m/it --> T1/phv/bx/it on input line 137.
LaTeX Font Info:    Overwriting math alphabet `\mathtt' in version `bold'
(Font)                  T1/pcr/m/n --> T1/pcr/bx/n on input line 137.

("C:\Program Files (x86)\MiKTeX 2.9\tex\latex\beamer\base\translator\dicts\tran
slator-basic-dictionary\translator-basic-dictionary-English.dict"
Dictionary: translator-basic-dictionary, Language: English 
)
("C:\Program Files (x86)\MiKTeX 2.9\tex\latex\beamer\base\translator\dicts\tran
slator-bibliography-dictionary\translator-bibliography-dictionary-English.dict"
Dictionary: translator-bibliography-dictionary, Language: English 
)
("C:\Program Files (x86)\MiKTeX 2.9\tex\latex\beamer\base\translator\dicts\tran
slator-environment-dictionary\translator-environment-dictionary-English.dict"
Dictionary: translator-environment-dictionary, Language: English 
)
("C:\Program Files (x86)\MiKTeX 2.9\tex\latex\beamer\base\translator\dicts\tran
slator-months-dictionary\translator-months-dictionary-English.dict"
Dictionary: translator-months-dictionary, Language: English 
)
("C:\Program Files (x86)\MiKTeX 2.9\tex\latex\beamer\base\translator\dicts\tran
slator-numbers-dictionary\translator-numbers-dictionary-English.dict"
Dictionary: translator-numbers-dictionary, Language: English 
)
("C:\Program Files (x86)\MiKTeX 2.9\tex\latex\beamer\base\translator\dicts\tran
slator-theorem-dictionary\translator-theorem-dictionary-English.dict"
Dictionary: translator-theorem-dictionary, Language: English 
)
LaTeX Info: Redefining \includegraphics on input line 137.
Package gensymb Info: Math companion symbols found on input line 137.
LaTeX Info: Redefining \degree on input line 137.
LaTeX Info: Redefining \celsius on input line 137.
Package gensymb Info: Using text companion symbols for \degree, \celsius and \p
erthousand on input line 137.
LaTeX Info: Redefining \ohm on input line 137.
Package gensymb Info: Using \textohm for \ohm on input line 137.
Package gensymb Info: Using \textmu for \micro on input line 137.

(C:\Users\alex\Desktop\presentazione\Presentation_Template_TeX\Presentation_Tem
plate_TeX\Presentation_Template.nav)
<images/logoUnipd.png, id=66, 156.42857pt x 70.08pt>
File: images/logoUnipd.png Graphic file (type png)

<use images/logoUnipd.png>
Package pdftex.def Info: images/logoUnipd.png used on input line 162.
(pdftex.def)             Requested size: 73.03688pt x 32.72049pt.

Overfull \hbox (33.20323pt too wide) in paragraph at lines 162--162
[][]  
 []


Overfull \vbox (17.44806pt too high) detected at line 162
 []

[1{C:/ProgramData/MiKTeX/2.9/pdftex/config/pdftex.map}

 <C:/Users/alex/Desktop/presentazione/Presentation_Template_TeX/Presentation_Te
mplate_TeX/images/logoUnipd.png>]
File: images/logoUnipd.png Graphic file (type png)
 <use images/logoUnipd.png>
Package pdftex.def Info: images/logoUnipd.png used on input line 170.
(pdftex.def)             Requested size: 73.03688pt x 32.72049pt.

Overfull \hbox (33.20323pt too wide) in paragraph at lines 170--170
[][]  
 []


(C:\Users\alex\Desktop\presentazione\Presentation_Template_TeX\Presentation_Tem
plate_TeX\Presentation_Template.toc) [2

]
File: images/logoUnipd.png Graphic file (type png)
 <use images/logoUnipd.png>
Package pdftex.def Info: images/logoUnipd.png used on input line 196.
(pdftex.def)             Requested size: 73.03688pt x 32.72049pt.

Overfull \hbox (33.20323pt too wide) in paragraph at lines 196--196
[][]  
 []

<images/obiettivo.png, id=166, 398.23781pt x 143.78719pt>
File: images/obiettivo.png Graphic file (type png)

<use images/obiettivo.png>
Package pdftex.def Info: images/obiettivo.png used on input line 196.
(pdftex.def)             Requested size: 153.64105pt x 49.99936pt.
 [3

 <C:/Users/alex/Desktop/presentazione/Presentation_Template_TeX/Presentation_Te
mplate_TeX/images/obiettivo.png>]
File: images/logoUnipd.png Graphic file (type png)

<use images/logoUnipd.png>
Package pdftex.def Info: images/logoUnipd.png used on input line 196.
(pdftex.def)             Requested size: 73.03688pt x 32.72049pt.

Overfull \hbox (33.20323pt too wide) in paragraph at lines 196--196
[][]  
 []

<images/intraPers2.png, id=205, 1284.29813pt x 127.97812pt>
File: images/intraPers2.png Graphic file (type png)

<use images/intraPers2.png>
Package pdftex.def Info: images/intraPers2.png used on input line 196.
(pdftex.def)             Requested size: 307.2776pt x 49.99913pt.
 [4

 <C:/Users/alex/Desktop/presentazione/Presentation_Template_TeX/Presentation_Te
mplate_TeX/images/intraPers2.png>]
File: images/logoUnipd.png Graphic file (type png)

<use images/logoUnipd.png>
Package pdftex.def Info: images/logoUnipd.png used on input line 196.
(pdftex.def)             Requested size: 73.03688pt x 32.72049pt.

Overfull \hbox (33.20323pt too wide) in paragraph at lines 196--196
[][]  
 []

<images/interPers.png, id=240, 507.39563pt x 73.02281pt>
File: images/interPers.png Graphic file (type png)

<use images/interPers.png>
Package pdftex.def Info: images/interPers.png used on input line 196.
(pdftex.def)             Requested size: 307.2966pt x 50.00136pt.
 [5

 <C:/Users/alex/Desktop/presentazione/Presentation_Template_TeX/Presentation_Te
mplate_TeX/images/interPers.png>]
File: images/logoUnipd.png Graphic file (type png)

<use images/logoUnipd.png>
Package pdftex.def Info: images/logoUnipd.png used on input line 225.
(pdftex.def)             Requested size: 73.03688pt x 32.72049pt.

Overfull \hbox (33.20323pt too wide) in paragraph at lines 225--225
[][]  
 []

<images/genuine.png, id=276, 135.50626pt x 76.78688pt>
File: images/genuine.png Graphic file (type png)

<use images/genuine.png>
Package pdftex.def Info: images/genuine.png used on input line 225.
(pdftex.def)             Requested size: 69.14241pt x 39.9997pt.
LaTeX Font Info:    Try loading font information for U+msa on input line 225.

("C:\Program Files (x86)\MiKTeX 2.9\tex\latex\amsfonts\umsa.fd"
File: umsa.fd 2009/06/22 v3.00 AMS symbols A
)
LaTeX Font Info:    Try loading font information for U+msb on input line 225.

("C:\Program Files (x86)\MiKTeX 2.9\tex\latex\amsfonts\umsb.fd"
File: umsb.fd 2009/06/22 v3.00 AMS symbols B
)
LaTeX Font Info:    Font shape `T1/phv/m/it' in size <10.95> not available
(Font)              Font shape `T1/phv/m/sl' tried instead on input line 225.
LaTeX Font Info:    Font shape `T1/phv/m/it' in size <8> not available
(Font)              Font shape `T1/phv/m/sl' tried instead on input line 225.
LaTeX Font Info:    Font shape `T1/phv/m/it' in size <6> not available
(Font)              Font shape `T1/phv/m/sl' tried instead on input line 225.
 [6

 <C:/Users/alex/Desktop/presentazione/Presentation_Template_TeX/Presentation_Te
mplate_TeX/images/genuine.png>]
File: images/logoUnipd.png Graphic file (type png)
 <use images/logoUnipd.png>
Package pdftex.def Info: images/logoUnipd.png used on input line 225.
(pdftex.def)             Requested size: 73.03688pt x 32.72049pt.

Overfull \hbox (33.20323pt too wide) in paragraph at lines 225--225
[][]  
 []

File: images/genuine.png Graphic file (type png)
<use images/genuine.png>
Package pdftex.def Info: images/genuine.png used on input line 225.
(pdftex.def)             Requested size: 69.14241pt x 39.9997pt.
 <images/rf.png, id=314, 136.25906pt x 76.78688pt>
File: images/rf.png Graphic file (type png)

<use images/rf.png>
Package pdftex.def Info: images/rf.png used on input line 225.
(pdftex.def)             Requested size: 69.13982pt x 39.9997pt.
 [7

 <C:/Users/alex/Desktop/presentazione/Presentation_Template_TeX/Presentation_Te
mplate_TeX/images/rf.png>]
File: images/logoUnipd.png Graphic file (type png)
 <use images/logoUnipd.png>
Package pdftex.def Info: images/logoUnipd.png used on input line 225.
(pdftex.def)             Requested size: 73.03688pt x 32.72049pt.

Overfull \hbox (33.20323pt too wide) in paragraph at lines 225--225
[][]  
 []

File: images/genuine.png Graphic file (type png)
<use images/genuine.png>
Package pdftex.def Info: images/genuine.png used on input line 225.
(pdftex.def)             Requested size: 69.14241pt x 39.9997pt.
File: images/rf.png Graphic file (type png)
 <use images/rf.png>
Package pdftex.def Info: images/rf.png used on input line 225.
(pdftex.def)             Requested size: 69.13982pt x 39.9997pt.

<images/simplef.png, id=350, 160.34906pt x 76.78688pt>
File: images/simplef.png Graphic file (type png)

<use images/simplef.png>
Package pdftex.def Info: images/simplef.png used on input line 225.
(pdftex.def)             Requested size: 69.13959pt x 39.9997pt.
 [8

 <C:/Users/alex/Desktop/presentazione/Presentation_Template_TeX/Presentation_Te
mplate_TeX/images/simplef.png>]
File: images/logoUnipd.png Graphic file (type png)

<use images/logoUnipd.png>
Package pdftex.def Info: images/logoUnipd.png used on input line 225.
(pdftex.def)             Requested size: 73.03688pt x 32.72049pt.

Overfull \hbox (33.20323pt too wide) in paragraph at lines 225--225
[][]  
 []

File: images/genuine.png Graphic file (type png)
<use images/genuine.png>
Package pdftex.def Info: images/genuine.png used on input line 225.
(pdftex.def)             Requested size: 69.14241pt x 39.9997pt.
File: images/rf.png Graphic file (type png)
 <use images/rf.png>
Package pdftex.def Info: images/rf.png used on input line 225.
(pdftex.def)             Requested size: 69.13982pt x 39.9997pt.
File: images/simplef.png Graphic file (type png)
 <use images/simplef.png>
Package pdftex.def Info: images/simplef.png used on input line 225.
(pdftex.def)             Requested size: 69.13959pt x 39.9997pt.

<images/skilledf.png, id=385, 140.02313pt x 76.78688pt>
File: images/skilledf.png Graphic file (type png)

<use images/skilledf.png>
Package pdftex.def Info: images/skilledf.png used on input line 225.
(pdftex.def)             Requested size: 69.1418pt x 39.9997pt.
 [9

 <C:/Users/alex/Desktop/presentazione/Presentation_Template_TeX/Presentation_Te
mplate_TeX/images/skilledf.png>]
File: images/logoUnipd.png Graphic file (type png)

<use images/logoUnipd.png>
Package pdftex.def Info: images/logoUnipd.png used on input line 225.
(pdftex.def)             Requested size: 73.03688pt x 32.72049pt.

Overfull \hbox (33.20323pt too wide) in paragraph at lines 225--225
[][]  
 []

File: images/genuine.png Graphic file (type png)
<use images/genuine.png>
Package pdftex.def Info: images/genuine.png used on input line 225.
(pdftex.def)             Requested size: 69.14241pt x 39.9997pt.
File: images/rf.png Graphic file (type png)
 <use images/rf.png>
Package pdftex.def Info: images/rf.png used on input line 225.
(pdftex.def)             Requested size: 69.13982pt x 39.9997pt.
File: images/simplef.png Graphic file (type png)
 <use images/simplef.png>
Package pdftex.def Info: images/simplef.png used on input line 225.
(pdftex.def)             Requested size: 69.13959pt x 39.9997pt.
File: images/skilledf.png Graphic file (type png)

<use images/skilledf.png>
Package pdftex.def Info: images/skilledf.png used on input line 225.
(pdftex.def)             Requested size: 69.1418pt x 39.9997pt.
 [10

]
File: images/logoUnipd.png Graphic file (type png)
 <use images/logoUnipd.png>
Package pdftex.def Info: images/logoUnipd.png used on input line 225.
(pdftex.def)             Requested size: 73.03688pt x 32.72049pt.

Overfull \hbox (33.20323pt too wide) in paragraph at lines 225--225
[][]  
 []

File: images/genuine.png Graphic file (type png)
<use images/genuine.png>
Package pdftex.def Info: images/genuine.png used on input line 225.
(pdftex.def)             Requested size: 69.14241pt x 39.9997pt.
File: images/rf.png Graphic file (type png)
 <use images/rf.png>
Package pdftex.def Info: images/rf.png used on input line 225.
(pdftex.def)             Requested size: 69.13982pt x 39.9997pt.
File: images/simplef.png Graphic file (type png)
 <use images/simplef.png>
Package pdftex.def Info: images/simplef.png used on input line 225.
(pdftex.def)             Requested size: 69.13959pt x 39.9997pt.
File: images/skilledf.png Graphic file (type png)

<use images/skilledf.png>
Package pdftex.def Info: images/skilledf.png used on input line 225.
(pdftex.def)             Requested size: 69.1418pt x 39.9997pt.
 [11

]
File: images/logoUnipd.png Graphic file (type png)
 <use images/logoUnipd.png>
Package pdftex.def Info: images/logoUnipd.png used on input line 225.
(pdftex.def)             Requested size: 73.03688pt x 32.72049pt.

Overfull \hbox (33.20323pt too wide) in paragraph at lines 225--225
[][]  
 []

File: images/genuine.png Graphic file (type png)
<use images/genuine.png>
Package pdftex.def Info: images/genuine.png used on input line 225.
(pdftex.def)             Requested size: 69.14241pt x 39.9997pt.
File: images/rf.png Graphic file (type png)
 <use images/rf.png>
Package pdftex.def Info: images/rf.png used on input line 225.
(pdftex.def)             Requested size: 69.13982pt x 39.9997pt.
File: images/simplef.png Graphic file (type png)
 <use images/simplef.png>
Package pdftex.def Info: images/simplef.png used on input line 225.
(pdftex.def)             Requested size: 69.13959pt x 39.9997pt.
File: images/skilledf.png Graphic file (type png)

<use images/skilledf.png>
Package pdftex.def Info: images/skilledf.png used on input line 225.
(pdftex.def)             Requested size: 69.1418pt x 39.9997pt.
 [12

]
File: images/logoUnipd.png Graphic file (type png)
 <use images/logoUnipd.png>
Package pdftex.def Info: images/logoUnipd.png used on input line 255.
(pdftex.def)             Requested size: 73.03688pt x 32.72049pt.

Overfull \hbox (33.20323pt too wide) in paragraph at lines 255--255
[][]  
 []

<images/generalProcess.png, id=520, 374.14781pt x 199.49532pt>
File: images/generalProcess.png Graphic file (type png)

<use images/generalProcess.png>
Package pdftex.def Info: images/generalProcess.png used on input line 255.
(pdftex.def)             Requested size: 215.10477pt x 90.00035pt.
 [13

 <C:/Users/alex/Desktop/presentazione/Presentation_Template_TeX/Presentation_Te
mplate_TeX/images/generalProcess.png>]
File: images/logoUnipd.png Graphic file (type png)

<use images/logoUnipd.png>
Package pdftex.def Info: images/logoUnipd.png used on input line 255.
(pdftex.def)             Requested size: 73.03688pt x 32.72049pt.

Overfull \hbox (33.20323pt too wide) in paragraph at lines 255--255
[][]  
 []

File: images/generalProcess.png Graphic file (type png)
<use images/generalProcess.png>
Package pdftex.def Info: images/generalProcess.png used on input line 255.
(pdftex.def)             Requested size: 215.10477pt x 90.00035pt.
 [14

]
File: images/logoUnipd.png Graphic file (type png)
 <use images/logoUnipd.png>
Package pdftex.def Info: images/logoUnipd.png used on input line 255.
(pdftex.def)             Requested size: 73.03688pt x 32.72049pt.

Overfull \hbox (33.20323pt too wide) in paragraph at lines 255--255
[][]  
 []

File: images/generalProcess.png Graphic file (type png)
<use images/generalProcess.png>
Package pdftex.def Info: images/generalProcess.png used on input line 255.
(pdftex.def)             Requested size: 215.10477pt x 90.00035pt.
 [15

]
File: images/logoUnipd.png Graphic file (type png)
 <use images/logoUnipd.png>
Package pdftex.def Info: images/logoUnipd.png used on input line 267.
(pdftex.def)             Requested size: 73.03688pt x 32.72049pt.

Overfull \hbox (33.20323pt too wide) in paragraph at lines 267--267
[][]  
 []

<images/classificatori.png, id=623, 642.90187pt x 421.575pt>
File: images/classificatori.png Graphic file (type png)

<use images/classificatori.png>
Package pdftex.def Info: images/classificatori.png used on input line 267.
(pdftex.def)             Requested size: 276.559pt x 181.3509pt.
 [16

 <C:/Users/alex/Desktop/presentazione/Presentation_Template_TeX/Presentation_Te
mplate_TeX/images/classificatori.png>]
File: images/logoUnipd.png Graphic file (type png)

<use images/logoUnipd.png>
Package pdftex.def Info: images/logoUnipd.png used on input line 267.
(pdftex.def)             Requested size: 73.03688pt x 32.72049pt.

Overfull \hbox (33.20323pt too wide) in paragraph at lines 267--267
[][]  
 []

<images/classificatori1.png, id=659, 642.90187pt x 421.575pt>
File: images/classificatori1.png Graphic file (type png)

<use images/classificatori1.png>
Package pdftex.def Info: images/classificatori1.png used on input line 267.
(pdftex.def)             Requested size: 276.559pt x 181.3509pt.
 [17

 <C:/Users/alex/Desktop/presentazione/Presentation_Template_TeX/Presentation_Te
mplate_TeX/images/classificatori1.png>]
File: images/logoUnipd.png Graphic file (type png)

<use images/logoUnipd.png>
Package pdftex.def Info: images/logoUnipd.png used on input line 267.
(pdftex.def)             Requested size: 73.03688pt x 32.72049pt.

Overfull \hbox (33.20323pt too wide) in paragraph at lines 267--267
[][]  
 []

<images/classificatori2.png, id=693, 642.90187pt x 421.575pt>
File: images/classificatori2.png Graphic file (type png)

<use images/classificatori2.png>
Package pdftex.def Info: images/classificatori2.png used on input line 267.
(pdftex.def)             Requested size: 276.559pt x 181.3509pt.
 [18

 <C:/Users/alex/Desktop/presentazione/Presentation_Template_TeX/Presentation_Te
mplate_TeX/images/classificatori2.png>]
File: images/logoUnipd.png Graphic file (type png)

<use images/logoUnipd.png>
Package pdftex.def Info: images/logoUnipd.png used on input line 283.
(pdftex.def)             Requested size: 73.03688pt x 32.72049pt.

Overfull \hbox (33.20323pt too wide) in paragraph at lines 283--283
[][]  
 []

<images/uc1.png, id=727, 520.94624pt x 320.69812pt>
File: images/uc1.png Graphic file (type png)
 <use images/uc1.png>
Package pdftex.def Info: images/uc1.png used on input line 283.
(pdftex.def)             Requested size: 245.83282pt x 151.33492pt.

[19

 <C:/Users/alex/Desktop/presentazione/Presentation_Template_TeX/Presentation_Te
mplate_TeX/images/uc1.png>]
File: images/logoUnipd.png Graphic file (type png)
 <use images/logoUnipd.png>
Package pdftex.def Info: images/logoUnipd.png used on input line 283.
(pdftex.def)             Requested size: 73.03688pt x 32.72049pt.

Overfull \hbox (33.20323pt too wide) in paragraph at lines 283--283
[][]  
 []

File: images/uc1.png Graphic file (type png)
<use images/uc1.png>
Package pdftex.def Info: images/uc1.png used on input line 283.
(pdftex.def)             Requested size: 245.83282pt x 151.33492pt.
 [20

]
File: images/logoUnipd.png Graphic file (type png)
 <use images/logoUnipd.png>
Package pdftex.def Info: images/logoUnipd.png used on input line 327.
(pdftex.def)             Requested size: 73.03688pt x 32.72049pt.

Overfull \hbox (33.20323pt too wide) in paragraph at lines 327--327
[][]  
 []

[21

]
File: images/logoUnipd.png Graphic file (type png)
 <use images/logoUnipd.png>
Package pdftex.def Info: images/logoUnipd.png used on input line 327.
(pdftex.def)             Requested size: 73.03688pt x 32.72049pt.

Overfull \hbox (33.20323pt too wide) in paragraph at lines 327--327
[][]  
 []

[22

]
File: images/logoUnipd.png Graphic file (type png)
 <use images/logoUnipd.png>
Package pdftex.def Info: images/logoUnipd.png used on input line 327.
(pdftex.def)             Requested size: 73.03688pt x 32.72049pt.

Overfull \hbox (33.20323pt too wide) in paragraph at lines 327--327
[][]  
 []

[23

]
File: images/logoUnipd.png Graphic file (type png)
 <use images/logoUnipd.png>
Package pdftex.def Info: images/logoUnipd.png used on input line 327.
(pdftex.def)             Requested size: 73.03688pt x 32.72049pt.

Overfull \hbox (33.20323pt too wide) in paragraph at lines 327--327
[][]  
 []

[24

]
File: images/logoUnipd.png Graphic file (type png)
 <use images/logoUnipd.png>
Package pdftex.def Info: images/logoUnipd.png used on input line 349.
(pdftex.def)             Requested size: 73.03688pt x 32.72049pt.

Overfull \hbox (33.20323pt too wide) in paragraph at lines 349--349
[][]  
 []

[25

]
File: images/logoUnipd.png Graphic file (type png)
 <use images/logoUnipd.png>
Package pdftex.def Info: images/logoUnipd.png used on input line 349.
(pdftex.def)             Requested size: 73.03688pt x 32.72049pt.

Overfull \hbox (33.20323pt too wide) in paragraph at lines 349--349
[][]  
 []

[26

]
File: images/logoUnipd.png Graphic file (type png)
 <use images/logoUnipd.png>
Package pdftex.def Info: images/logoUnipd.png used on input line 349.
(pdftex.def)             Requested size: 73.03688pt x 32.72049pt.

Overfull \hbox (33.20323pt too wide) in paragraph at lines 349--349
[][]  
 []

[27

]
File: images/logoUnipd.png Graphic file (type png)
 <use images/logoUnipd.png>
Package pdftex.def Info: images/logoUnipd.png used on input line 349.
(pdftex.def)             Requested size: 73.03688pt x 32.72049pt.

Overfull \hbox (33.20323pt too wide) in paragraph at lines 349--349
[][]  
 []

[28

]
File: images/logoUnipd.png Graphic file (type png)
 <use images/logoUnipd.png>
Package pdftex.def Info: images/logoUnipd.png used on input line 349.
(pdftex.def)             Requested size: 73.03688pt x 32.72049pt.

Overfull \hbox (33.20323pt too wide) in paragraph at lines 349--349
[][]  
 []

[29

]
File: images/logoUnipd.png Graphic file (type png)
 <use images/logoUnipd.png>
Package pdftex.def Info: images/logoUnipd.png used on input line 349.
(pdftex.def)             Requested size: 73.03688pt x 32.72049pt.

Overfull \hbox (33.20323pt too wide) in paragraph at lines 349--349
[][]  
 []

[30

]
File: images/logoUnipd.png Graphic file (type png)
 <use images/logoUnipd.png>
Package pdftex.def Info: images/logoUnipd.png used on input line 349.
(pdftex.def)             Requested size: 73.03688pt x 32.72049pt.

Overfull \hbox (33.20323pt too wide) in paragraph at lines 349--349
[][]  
 []

[31

]
File: images/logoUnipd.png Graphic file (type png)
 <use images/logoUnipd.png>
Package pdftex.def Info: images/logoUnipd.png used on input line 349.
(pdftex.def)             Requested size: 73.03688pt x 32.72049pt.

Overfull \hbox (33.20323pt too wide) in paragraph at lines 349--349
[][]  
 []

[32

]
File: images/logoUnipd.png Graphic file (type png)
 <use images/logoUnipd.png>
Package pdftex.def Info: images/logoUnipd.png used on input line 372.
(pdftex.def)             Requested size: 73.03688pt x 32.72049pt.

Overfull \hbox (33.20323pt too wide) in paragraph at lines 372--372
[][]  
 []

[33

]
File: images/logoUnipd.png Graphic file (type png)
 <use images/logoUnipd.png>
Package pdftex.def Info: images/logoUnipd.png used on input line 372.
(pdftex.def)             Requested size: 73.03688pt x 32.72049pt.

Overfull \hbox (33.20323pt too wide) in paragraph at lines 372--372
[][]  
 []

[34

]
File: images/logoUnipd.png Graphic file (type png)
 <use images/logoUnipd.png>
Package pdftex.def Info: images/logoUnipd.png used on input line 372.
(pdftex.def)             Requested size: 73.03688pt x 32.72049pt.

Overfull \hbox (33.20323pt too wide) in paragraph at lines 372--372
[][]  
 []

[35

]
File: images/logoUnipd.png Graphic file (type png)
 <use images/logoUnipd.png>
Package pdftex.def Info: images/logoUnipd.png used on input line 372.
(pdftex.def)             Requested size: 73.03688pt x 32.72049pt.

Overfull \hbox (33.20323pt too wide) in paragraph at lines 372--372
[][]  
 []

[36

]
File: images/logoUnipd.png Graphic file (type png)
 <use images/logoUnipd.png>
Package pdftex.def Info: images/logoUnipd.png used on input line 372.
(pdftex.def)             Requested size: 73.03688pt x 32.72049pt.

Overfull \hbox (33.20323pt too wide) in paragraph at lines 372--372
[][]  
 []

[37

]
File: images/logoUnipd.png Graphic file (type png)
 <use images/logoUnipd.png>
Package pdftex.def Info: images/logoUnipd.png used on input line 372.
(pdftex.def)             Requested size: 73.03688pt x 32.72049pt.

Overfull \hbox (33.20323pt too wide) in paragraph at lines 372--372
[][]  
 []

[38

]
File: images/logoUnipd.png Graphic file (type png)
 <use images/logoUnipd.png>
Package pdftex.def Info: images/logoUnipd.png used on input line 401.
(pdftex.def)             Requested size: 73.03688pt x 32.72049pt.

Overfull \hbox (33.20323pt too wide) in paragraph at lines 401--401
[][]  
 []


Overfull \hbox (29.91698pt too wide) detected at line 401
[] [][] $[]$[][][][][][][][] $[]$[][][][][][] 
 []

[39

]
File: images/logoUnipd.png Graphic file (type png)
 <use images/logoUnipd.png>
Package pdftex.def Info: images/logoUnipd.png used on input line 401.
(pdftex.def)             Requested size: 73.03688pt x 32.72049pt.

Overfull \hbox (33.20323pt too wide) in paragraph at lines 401--401
[][]  
 []

<images/matriceB1.png, id=1414, 646.66594pt x 415.5525pt>
File: images/matriceB1.png Graphic file (type png)

<use images/matriceB1.png>
Package pdftex.def Info: images/matriceB1.png used on input line 401.
(pdftex.def)             Requested size: 221.24805pt x 142.17369pt.

Overfull \hbox (29.91698pt too wide) detected at line 401
[] [][] $[]$[][][][][][][][] $[]$[][][][][][] 
 []

[40

 <C:/Users/alex/Desktop/presentazione/Presentation_Template_TeX/Presentation_Te
mplate_TeX/images/matriceB1.png>]
File: images/logoUnipd.png Graphic file (type png)
 <use images/logoUnipd.png>
Package pdftex.def Info: images/logoUnipd.png used on input line 401.
(pdftex.def)             Requested size: 73.03688pt x 32.72049pt.

Overfull \hbox (33.20323pt too wide) in paragraph at lines 401--401
[][]  
 []

<images/matriceB2.png, id=1447, 646.66594pt x 415.5525pt>
File: images/matriceB2.png Graphic file (type png)

<use images/matriceB2.png>
Package pdftex.def Info: images/matriceB2.png used on input line 401.
(pdftex.def)             Requested size: 221.24805pt x 142.17369pt.

Overfull \hbox (29.91698pt too wide) detected at line 401
[] [][] $[]$[][][][][][][][] $[]$[][][][][][] 
 []

[41

 <C:/Users/alex/Desktop/presentazione/Presentation_Template_TeX/Presentation_Te
mplate_TeX/images/matriceB2.png>]
File: images/logoUnipd.png Graphic file (type png)
 <use images/logoUnipd.png>
Package pdftex.def Info: images/logoUnipd.png used on input line 401.
(pdftex.def)             Requested size: 73.03688pt x 32.72049pt.

Overfull \hbox (33.20323pt too wide) in paragraph at lines 401--401
[][]  
 []

File: images/matriceB2.png Graphic file (type png)
<use images/matriceB2.png>
Package pdftex.def Info: images/matriceB2.png used on input line 401.
(pdftex.def)             Requested size: 221.24805pt x 142.17369pt.

Overfull \hbox (29.91698pt too wide) detected at line 401
[] [][] $[]$[][][][][][][][] $[]$[][][][][][] 
 []

[42

]
File: images/logoUnipd.png Graphic file (type png)
 <use images/logoUnipd.png>
Package pdftex.def Info: images/logoUnipd.png used on input line 401.
(pdftex.def)             Requested size: 73.03688pt x 32.72049pt.

Overfull \hbox (33.20323pt too wide) in paragraph at lines 401--401
[][]  
 []

<images/matriceB.png, id=1511, 646.66594pt x 415.5525pt>
File: images/matriceB.png Graphic file (type png)

<use images/matriceB.png>
Package pdftex.def Info: images/matriceB.png used on input line 401.
(pdftex.def)             Requested size: 221.24805pt x 142.17369pt.

Overfull \hbox (29.91698pt too wide) detected at line 401
[] [][] $[]$[][][][][][][][] $[]$[][][][][][] 
 []

[43

 <C:/Users/alex/Desktop/presentazione/Presentation_Template_TeX/Presentation_Te
mplate_TeX/images/matriceB.png>]
File: images/logoUnipd.png Graphic file (type png)
 <use images/logoUnipd.png>
Package pdftex.def Info: images/logoUnipd.png used on input line 409.
(pdftex.def)             Requested size: 73.03688pt x 32.72049pt.

Overfull \hbox (33.20323pt too wide) in paragraph at lines 409--409
[][]  
 []

<images/training.png, id=1544, 673.01437pt x 434.37282pt>
File: images/training.png Graphic file (type png)

<use images/training.png>
Package pdftex.def Info: images/training.png used on input line 409.
(pdftex.def)             Requested size: 276.559pt x 178.4983pt.
 [44

 <C:/Users/alex/Desktop/presentazione/Presentation_Template_TeX/Presentation_Te
mplate_TeX/images/training.png>]
File: images/logoUnipd.png Graphic file (type png)

<use images/logoUnipd.png>
Package pdftex.def Info: images/logoUnipd.png used on input line 437.
(pdftex.def)             Requested size: 73.03688pt x 32.72049pt.

Overfull \hbox (33.20323pt too wide) in paragraph at lines 437--437
[][]  
 []

LaTeX Font Info:    Font shape `T1/phv/m/it' in size <10> not available
(Font)              Font shape `T1/phv/m/sl' tried instead on input line 437.
LaTeX Font Info:    Font shape `T1/phv/m/it' in size <7> not available
(Font)              Font shape `T1/phv/m/sl' tried instead on input line 437.
LaTeX Font Info:    Font shape `T1/phv/m/it' in size <5> not available
(Font)              Font shape `T1/phv/m/sl' tried instead on input line 437.

Overfull \hbox (24.77698pt too wide) in paragraph at lines 437--437
 [] 
 []

[45

]
File: images/logoUnipd.png Graphic file (type png)
 <use images/logoUnipd.png>
Package pdftex.def Info: images/logoUnipd.png used on input line 437.
(pdftex.def)             Requested size: 73.03688pt x 32.72049pt.

Overfull \hbox (33.20323pt too wide) in paragraph at lines 437--437
[][]  
 []


Overfull \hbox (24.77698pt too wide) in paragraph at lines 437--437
 [] 
 []

[46

]
File: images/logoUnipd.png Graphic file (type png)
 <use images/logoUnipd.png>
Package pdftex.def Info: images/logoUnipd.png used on input line 437.
(pdftex.def)             Requested size: 73.03688pt x 32.72049pt.

Overfull \hbox (33.20323pt too wide) in paragraph at lines 437--437
[][]  
 []


Overfull \hbox (24.77698pt too wide) in paragraph at lines 437--437
 [] 
 []

[47

]
File: images/logoUnipd.png Graphic file (type png)
 <use images/logoUnipd.png>
Package pdftex.def Info: images/logoUnipd.png used on input line 437.
(pdftex.def)             Requested size: 73.03688pt x 32.72049pt.

Overfull \hbox (33.20323pt too wide) in paragraph at lines 437--437
[][]  
 []


Overfull \hbox (24.77698pt too wide) in paragraph at lines 437--437
 [] 
 []

[48

]
File: images/logoUnipd.png Graphic file (type png)
 <use images/logoUnipd.png>
Package pdftex.def Info: images/logoUnipd.png used on input line 469.
(pdftex.def)             Requested size: 73.03688pt x 32.72049pt.

Overfull \hbox (33.20323pt too wide) in paragraph at lines 469--469
[][]  
 []

<images/bestHMM.png, id=1695, 211.54031pt x 361.35pt>
File: images/bestHMM.png Graphic file (type png)
 <use images/bestHMM.png>
Package pdftex.def Info: images/bestHMM.png used on input line 469.
(pdftex.def)             Requested size: 115.23369pt x 196.84087pt.

Overfull \vbox (2.46786pt too high) detected at line 469
 []

[49

 <C:/Users/alex/Desktop/presentazione/Presentation_Template_TeX/Presentation_Te
mplate_TeX/images/bestHMM.png>]
File: images/logoUnipd.png Graphic file (type png)
 <use images/logoUnipd.png>
Package pdftex.def Info: images/logoUnipd.png used on input line 469.
(pdftex.def)             Requested size: 73.03688pt x 32.72049pt.

Overfull \hbox (33.20323pt too wide) in paragraph at lines 469--469
[][]  
 []

File: images/bestHMM.png Graphic file (type png)
<use images/bestHMM.png>
Package pdftex.def Info: images/bestHMM.png used on input line 469.
(pdftex.def)             Requested size: 115.23369pt x 196.84087pt.

Overfull \vbox (2.46786pt too high) detected at line 469
 []

[50

]
File: images/logoUnipd.png Graphic file (type png)
 <use images/logoUnipd.png>
Package pdftex.def Info: images/logoUnipd.png used on input line 469.
(pdftex.def)             Requested size: 73.03688pt x 32.72049pt.

Overfull \hbox (33.20323pt too wide) in paragraph at lines 469--469
[][]  
 []

File: images/bestHMM.png Graphic file (type png)
<use images/bestHMM.png>
Package pdftex.def Info: images/bestHMM.png used on input line 469.
(pdftex.def)             Requested size: 115.23369pt x 196.84087pt.

Overfull \vbox (2.46786pt too high) detected at line 469
 []

[51

]
File: images/logoUnipd.png Graphic file (type png)
 <use images/logoUnipd.png>
Package pdftex.def Info: images/logoUnipd.png used on input line 481.
(pdftex.def)             Requested size: 73.03688pt x 32.72049pt.

Overfull \hbox (33.20323pt too wide) in paragraph at lines 481--481
[][]  
 []

<images/consuntivo3.png, id=1796, 387.90923pt x 220.24283pt>
File: images/consuntivo3.png Graphic file (type png)

<use images/consuntivo3.png>
Package pdftex.def Info: images/consuntivo3.png used on input line 481.
(pdftex.def)             Requested size: 215.10196pt x 122.12866pt.
 [52

 <C:/Users/alex/Desktop/presentazione/Presentation_Template_TeX/Presentation_Te
mplate_TeX/images/consuntivo3.png (PNG copy)>]
File: images/logoUnipd.png Graphic file (type png)

<use images/logoUnipd.png>
Package pdftex.def Info: images/logoUnipd.png used on input line 523.
(pdftex.def)             Requested size: 73.03688pt x 32.72049pt.

Overfull \hbox (33.20323pt too wide) in paragraph at lines 523--523
[][]  
 []

[53

]
File: images/logoUnipd.png Graphic file (type png)
 <use images/logoUnipd.png>
Package pdftex.def Info: images/logoUnipd.png used on input line 523.
(pdftex.def)             Requested size: 73.03688pt x 32.72049pt.

Overfull \hbox (33.20323pt too wide) in paragraph at lines 523--523
[][]  
 []

[54

]
File: images/logoUnipd.png Graphic file (type png)
 <use images/logoUnipd.png>
Package pdftex.def Info: images/logoUnipd.png used on input line 523.
(pdftex.def)             Requested size: 73.03688pt x 32.72049pt.

Overfull \hbox (33.20323pt too wide) in paragraph at lines 523--523
[][]  
 []

[55

]
File: images/logoUnipd.png Graphic file (type png)
 <use images/logoUnipd.png>
Package pdftex.def Info: images/logoUnipd.png used on input line 523.
(pdftex.def)             Requested size: 73.03688pt x 32.72049pt.

Overfull \hbox (33.20323pt too wide) in paragraph at lines 523--523
[][]  
 []

[56

]
File: images/logoUnipd.png Graphic file (type png)
 <use images/logoUnipd.png>
Package pdftex.def Info: images/logoUnipd.png used on input line 523.
(pdftex.def)             Requested size: 73.03688pt x 32.72049pt.

Overfull \hbox (33.20323pt too wide) in paragraph at lines 523--523
[][]  
 []


Overfull \vbox (7.59897pt too high) detected at line 523
 []

[57

]
File: images/logoUnipd.png Graphic file (type png)
 <use images/logoUnipd.png>
Package pdftex.def Info: images/logoUnipd.png used on input line 523.
(pdftex.def)             Requested size: 73.03688pt x 32.72049pt.

Overfull \hbox (33.20323pt too wide) in paragraph at lines 523--523
[][]  
 []

[58

]
\tf@nav=\write6
\tf@toc=\write7
\tf@snm=\write8
Package atveryend Info: Empty hook `BeforeClearDocument' on input line 525.
Package atveryend Info: Empty hook `AfterLastShipout' on input line 525.

(C:\Users\alex\Desktop\presentazione\Presentation_Template_TeX\Presentation_Tem
plate_TeX\Presentation_Template.aux)
Package atveryend Info: Executing hook `AtVeryEndDocument' on input line 525.
Package atveryend Info: Executing hook `AtEndAfterFileList' on input line 525.
Package rerunfilecheck Info: File `Presentation_Template.out' has not changed.
(rerunfilecheck)             Checksum: 936023132480F03BCDB76716BC00DF25;740.
Package atveryend Info: Empty hook `AtVeryVeryEnd' on input line 525.
 ) 
Here is how much of TeX's memory you used:
 18319 strings out of 493921
 343114 string characters out of 3144879
 440087 words of memory out of 3000000
 20986 multiletter control sequences out of 15000+200000
 55557 words of font info for 78 fonts, out of 3000000 for 9000
 841 hyphenation exceptions out of 8191
 49i,19n,64p,659b,1026s stack positions out of 5000i,500n,10000p,200000b,50000s
{C:/Program Files (x86)/MiKTeX 2.9/fonts/enc/dvips/fontname/8r.enc}<C:/Progra
m Files (x86)/MiKTeX 2.9/fonts/type1/public/amsfonts/cm/cmmi10.pfb><C:/Program 
Files (x86)/MiKTeX 2.9/fonts/type1/public/amsfonts/cm/cmss10.pfb><C:/Program Fi
les (x86)/MiKTeX 2.9/fonts/type1/public/amsfonts/cm/cmsy10.pfb><C:/Program File
s (x86)/MiKTeX 2.9/fonts/type1/urw/helvetic/uhvr8a.pfb><C:/Program Files (x86)/
MiKTeX 2.9/fonts/type1/urw/helvetic/uhvro8a.pfb>
Output written on Presentation_Template.pdf (58 pages, 1083270 bytes).
PDF statistics:
 2064 PDF objects out of 2073 (max. 8388607)
 135 named destinations out of 1000 (max. 500000)
 312 words of extra memory for PDF output out of 10000 (max. 10000000)

