\BOOKMARK [1][-]{section.1}{Dominio applicativo}{}% 1
\BOOKMARK [2][-]{subsection.1.1}{Azienda}{section.1}% 2
\BOOKMARK [2][-]{subsection.1.2}{Prodotti e clienti}{section.1}% 3
\BOOKMARK [3][-]{subsubsection.1.2.1}{Banche}{subsection.1.2}% 4
\BOOKMARK [3][-]{subsubsection.1.2.2}{Assicurazioni}{subsection.1.2}% 5
\BOOKMARK [3][-]{subsubsection.1.2.3}{Industria e servizi}{subsection.1.2}% 6
\BOOKMARK [3][-]{subsubsection.1.2.4}{Pubblica Amministrazione}{subsection.1.2}% 7
\BOOKMARK [3][-]{subsubsection.1.2.5}{Know Your Customer \(KYC\)}{subsection.1.2}% 8
\BOOKMARK [2][-]{subsection.1.3}{Tecnologie}{section.1}% 9
\BOOKMARK [2][-]{subsection.1.4}{Processi interni}{section.1}% 10
\BOOKMARK [1][-]{section.2}{Progetto aziendale}{}% 11
\BOOKMARK [2][-]{subsection.2.1}{Introduzione alla classificazione di firme statiche}{section.2}% 12
\BOOKMARK [3][-]{subsubsection.2.1.1}{Valutazione delle performance}{subsection.2.1}% 13
\BOOKMARK [3][-]{subsubsection.2.1.2}{Tipi di falsificazione}{subsection.2.1}% 14
\BOOKMARK [3][-]{subsubsection.2.1.3}{Verifica della firma statica \(offline signature verification\)}{subsection.2.1}% 15
\BOOKMARK [3][-]{subsubsection.2.1.4}{Prototipo preesistente}{subsection.2.1}% 16
\BOOKMARK [2][-]{subsection.2.2}{Obiettivi}{section.2}% 17
\BOOKMARK [2][-]{subsection.2.3}{Aspettative}{section.2}% 18
\BOOKMARK [2][-]{subsection.2.4}{Vincoli}{section.2}% 19
\BOOKMARK [1][-]{section.3}{Attivit\340 di stage}{}% 20
\BOOKMARK [2][-]{subsection.3.1}{Pianificazione}{section.3}% 21
\BOOKMARK [3][-]{subsubsection.3.1.1}{Settimane I-II}{subsection.3.1}% 22
\BOOKMARK [3][-]{subsubsection.3.1.2}{Settimane III-IV}{subsection.3.1}% 23
\BOOKMARK [3][-]{subsubsection.3.1.3}{Settimane V-VI}{subsection.3.1}% 24
\BOOKMARK [3][-]{subsubsection.3.1.4}{Settimane VII-IX}{subsection.3.1}% 25
\BOOKMARK [2][-]{subsection.3.2}{Analisi}{section.3}% 26
\BOOKMARK [3][-]{subsubsection.3.2.1}{Casi d'uso}{subsection.3.2}% 27
\BOOKMARK [3][-]{subsubsection.3.2.2}{Requisiti}{subsection.3.2}% 28
\BOOKMARK [2][-]{subsection.3.3}{Progettazione}{section.3}% 29
\BOOKMARK [3][-]{subsubsection.3.3.1}{Architettura}{subsection.3.3}% 30
\BOOKMARK [3][-]{subsubsection.3.3.2}{Hidden Markov Models}{subsection.3.3}% 31
\BOOKMARK [3][-]{subsubsection.3.3.3}{Tecnologie utilizzate}{subsection.3.3}% 32
\BOOKMARK [2][-]{subsection.3.4}{Implementazione}{section.3}% 33
\BOOKMARK [1][-]{section.4}{Valutazione retrospettiva}{}% 34
\BOOKMARK [2][-]{subsection.4.1}{Copertura dei requisiti}{section.4}% 35
\BOOKMARK [3][-]{subsubsection.4.1.1}{Possibili sviluppi alle attivit\340 svolte}{subsection.4.1}% 36
\BOOKMARK [2][-]{subsection.4.2}{Conoscenze acquisite}{section.4}% 37
\BOOKMARK [2][-]{subsection.4.3}{Distanza tra conoscenze richieste e conoscenze possedute}{section.4}% 38
\BOOKMARK [1][-]{section*.58}{Glossario}{}% 39
\BOOKMARK [1][-]{section*.59}{Riferimenti}{}% 40
